  [1m[35m (3344.3ms)[0m  [1m[35mCREATE DATABASE "noticeboard_api_development" ENCODING = 'unicode'[0m
  [1m[35m (1847.7ms)[0m  [1m[35mCREATE DATABASE "noticeboard_api_test" ENCODING = 'unicode'[0m
  [1m[35m (49.3ms)[0m  [1m[35mCREATE TABLE "schema_migrations" ("version" character varying NOT NULL PRIMARY KEY)[0m
  [1m[35m (10.9ms)[0m  [1m[35mCREATE TABLE "ar_internal_metadata" ("key" character varying NOT NULL PRIMARY KEY, "value" character varying, "created_at" timestamp(6) NOT NULL, "updated_at" timestamp(6) NOT NULL)[0m
  [1m[35m (0.2ms)[0m  [1m[34mSELECT pg_try_advisory_lock(4155607357493865105)[0m
  [1m[35m (4.7ms)[0m  [1m[34mSELECT "schema_migrations"."version" FROM "schema_migrations" ORDER BY "schema_migrations"."version" ASC[0m
Migrating to CreateNotices (20200429012900)
  [1m[35m (0.2ms)[0m  [1m[35mBEGIN[0m
  [1m[35m (13.2ms)[0m  [1m[35mCREATE TABLE "notices" ("id" bigserial primary key, "title" character varying, "author" character varying, "phone" character varying, "created_at" timestamp(6) NOT NULL, "updated_at" timestamp(6) NOT NULL)[0m
  [1m[36mprimary::SchemaMigration Create (2.1ms)[0m  [1m[32mINSERT INTO "schema_migrations" ("version") VALUES ($1) RETURNING "version"[0m  [["version", "20200429012900"]]
  [1m[35m (2.1ms)[0m  [1m[35mCOMMIT[0m
  [1m[36mActiveRecord::InternalMetadata Load (4.5ms)[0m  [1m[34mSELECT "ar_internal_metadata".* FROM "ar_internal_metadata" WHERE "ar_internal_metadata"."key" = $1 LIMIT $2[0m  [["key", "environment"], ["LIMIT", 1]]
  [1m[35m (0.2ms)[0m  [1m[35mBEGIN[0m
  [1m[36mActiveRecord::InternalMetadata Create (2.5ms)[0m  [1m[32mINSERT INTO "ar_internal_metadata" ("key", "value", "created_at", "updated_at") VALUES ($1, $2, $3, $4) RETURNING "key"[0m  [["key", "environment"], ["value", "development"], ["created_at", "2020-04-29 01:31:42.424389"], ["updated_at", "2020-04-29 01:31:42.424389"]]
  [1m[35m (2.0ms)[0m  [1m[35mCOMMIT[0m
  [1m[35m (0.3ms)[0m  [1m[34mSELECT pg_advisory_unlock(4155607357493865105)[0m
  [1m[35m (6.6ms)[0m  [1m[34mSELECT "schema_migrations"."version" FROM "schema_migrations" ORDER BY "schema_migrations"."version" ASC[0m
  [1m[35m (1.3ms)[0m  [1m[34mSELECT "schema_migrations"."version" FROM "schema_migrations" ORDER BY "schema_migrations"."version" ASC[0m
  [1m[35m (0.1ms)[0m  [1m[35mBEGIN[0m
  [1m[36mNotice Create (5.4ms)[0m  [1m[32mINSERT INTO "notices" ("title", "author", "phone", "created_at", "updated_at") VALUES ($1, $2, $3, $4, $5) RETURNING "id"[0m  [["title", "There's nothing quite like urinating in the open air."], ["author", "Nute Gunray"], ["phone", "(480) 345-5550"], ["created_at", "2020-04-29 01:32:34.301466"], ["updated_at", "2020-04-29 01:32:34.301466"]]
  [1m[35m (7.1ms)[0m  [1m[35mCOMMIT[0m
  [1m[35m (0.2ms)[0m  [1m[35mBEGIN[0m
  [1m[36mNotice Create (0.3ms)[0m  [1m[32mINSERT INTO "notices" ("title", "author", "phone", "created_at", "updated_at") VALUES ($1, $2, $3, $4, $5) RETURNING "id"[0m  [["title", "Through the darkness of future's past, the magician longs to see. One chants out between two worlds... \"Fire... walk with me.\""], ["author", "Count Dooku"], ["phone", "1-696-448-1823"], ["created_at", "2020-04-29 01:32:34.317747"], ["updated_at", "2020-04-29 01:32:34.317747"]]
  [1m[35m (2.0ms)[0m  [1m[35mCOMMIT[0m
  [1m[35m (0.2ms)[0m  [1m[35mBEGIN[0m
  [1m[36mNotice Create (0.3ms)[0m  [1m[32mINSERT INTO "notices" ("title", "author", "phone", "created_at", "updated_at") VALUES ($1, $2, $3, $4, $5) RETURNING "id"[0m  [["title", "There was a fish in the percolator!"], ["author", "Ahsoka Tano"], ["phone", "670-953-5168"], ["created_at", "2020-04-29 01:32:34.326043"], ["updated_at", "2020-04-29 01:32:34.326043"]]
  [1m[35m (1.9ms)[0m  [1m[35mCOMMIT[0m
  [1m[35m (0.2ms)[0m  [1m[35mBEGIN[0m
  [1m[36mNotice Create (0.4ms)[0m  [1m[32mINSERT INTO "notices" ("title", "author", "phone", "created_at", "updated_at") VALUES ($1, $2, $3, $4, $5) RETURNING "id"[0m  [["title", "You may think I've gone insane... but I promise. I will kill again."], ["author", "Ezra Bridger"], ["phone", "1-451-771-4100"], ["created_at", "2020-04-29 01:32:34.331401"], ["updated_at", "2020-04-29 01:32:34.331401"]]
  [1m[35m (2.0ms)[0m  [1m[35mCOMMIT[0m
  [1m[35m (0.2ms)[0m  [1m[35mBEGIN[0m
  [1m[36mNotice Create (0.3ms)[0m  [1m[32mINSERT INTO "notices" ("title", "author", "phone", "created_at", "updated_at") VALUES ($1, $2, $3, $4, $5) RETURNING "id"[0m  [["title", "There's nothing quite like urinating in the open air."], ["author", "Bail Organa"], ["phone", "(145) 273-7243"], ["created_at", "2020-04-29 01:32:34.337181"], ["updated_at", "2020-04-29 01:32:34.337181"]]
  [1m[35m (1.9ms)[0m  [1m[35mCOMMIT[0m
  [1m[35m (0.2ms)[0m  [1m[35mBEGIN[0m
  [1m[36mNotice Create (0.3ms)[0m  [1m[32mINSERT INTO "notices" ("title", "author", "phone", "created_at", "updated_at") VALUES ($1, $2, $3, $4, $5) RETURNING "id"[0m  [["title", "Through the darkness of future's past, the magician longs to see. One chants out between two worlds... \"Fire... walk with me.\""], ["author", "Lyra Erso"], ["phone", "1-571-809-3460"], ["created_at", "2020-04-29 01:32:34.342401"], ["updated_at", "2020-04-29 01:32:34.342401"]]
  [1m[35m (1.9ms)[0m  [1m[35mCOMMIT[0m
  [1m[35m (0.1ms)[0m  [1m[35mBEGIN[0m
  [1m[36mNotice Create (0.3ms)[0m  [1m[32mINSERT INTO "notices" ("title", "author", "phone", "created_at", "updated_at") VALUES ($1, $2, $3, $4, $5) RETURNING "id"[0m  [["title", "It has been a pleasure speaking to you."], ["author", "Panaka"], ["phone", "113-948-8042"], ["created_at", "2020-04-29 01:32:34.347539"], ["updated_at", "2020-04-29 01:32:34.347539"]]
  [1m[35m (1.9ms)[0m  [1m[35mCOMMIT[0m
  [1m[35m (0.2ms)[0m  [1m[35mBEGIN[0m
  [1m[36mNotice Create (0.3ms)[0m  [1m[32mINSERT INTO "notices" ("title", "author", "phone", "created_at", "updated_at") VALUES ($1, $2, $3, $4, $5) RETURNING "id"[0m  [["title", "Black as midnight on a moonless night."], ["author", "Mace Windu"], ["phone", "1-808-132-2774"], ["created_at", "2020-04-29 01:32:34.352647"], ["updated_at", "2020-04-29 01:32:34.352647"]]
  [1m[35m (2.2ms)[0m  [1m[35mCOMMIT[0m
  [1m[35m (0.2ms)[0m  [1m[35mBEGIN[0m
  [1m[36mNotice Create (0.3ms)[0m  [1m[32mINSERT INTO "notices" ("title", "author", "phone", "created_at", "updated_at") VALUES ($1, $2, $3, $4, $5) RETURNING "id"[0m  [["title", "Audrey, there are many cures for a broken heart. But nothing quite like a trout's leap in the moonlight."], ["author", "Kylo Ren"], ["phone", "727-477-2835"], ["created_at", "2020-04-29 01:32:34.358472"], ["updated_at", "2020-04-29 01:32:34.358472"]]
  [1m[35m (2.4ms)[0m  [1m[35mCOMMIT[0m
  [1m[35m (0.2ms)[0m  [1m[35mBEGIN[0m
  [1m[36mNotice Create (0.3ms)[0m  [1m[32mINSERT INTO "notices" ("title", "author", "phone", "created_at", "updated_at") VALUES ($1, $2, $3, $4, $5) RETURNING "id"[0m  [["title", "Through the darkness of future's past, the magician longs to see. One chants out between two worlds... \"Fire... walk with me.\""], ["author", "Supreme Leader Snoke"], ["phone", "773.600.4872"], ["created_at", "2020-04-29 01:32:34.364190"], ["updated_at", "2020-04-29 01:32:34.364190"]]
  [1m[35m (1.8ms)[0m  [1m[35mCOMMIT[0m
  [1m[35m (0.2ms)[0m  [1m[35mBEGIN[0m
  [1m[36mNotice Create (0.3ms)[0m  [1m[32mINSERT INTO "notices" ("title", "author", "phone", "created_at", "updated_at") VALUES ($1, $2, $3, $4, $5) RETURNING "id"[0m  [["title", "Wow, Bob, wow."], ["author", "Jyn Erso"], ["phone", "788-604-9758"], ["created_at", "2020-04-29 01:32:34.369090"], ["updated_at", "2020-04-29 01:32:34.369090"]]
  [1m[35m (1.8ms)[0m  [1m[35mCOMMIT[0m
  [1m[35m (0.1ms)[0m  [1m[35mBEGIN[0m
  [1m[36mNotice Create (0.3ms)[0m  [1m[32mINSERT INTO "notices" ("title", "author", "phone", "created_at", "updated_at") VALUES ($1, $2, $3, $4, $5) RETURNING "id"[0m  [["title", "Where we're from, the birds sing a pretty song, and there's always music in the air."], ["author", "Maz Kanata"], ["phone", "455.354.8453"], ["created_at", "2020-04-29 01:32:34.374321"], ["updated_at", "2020-04-29 01:32:34.374321"]]
  [1m[35m (2.1ms)[0m  [1m[35mCOMMIT[0m
  [1m[35m (0.2ms)[0m  [1m[35mBEGIN[0m
  [1m[36mNotice Create (0.3ms)[0m  [1m[32mINSERT INTO "notices" ("title", "author", "phone", "created_at", "updated_at") VALUES ($1, $2, $3, $4, $5) RETURNING "id"[0m  [["title", "Audrey, there are many cures for a broken heart. But nothing quite like a trout's leap in the moonlight."], ["author", "Darth Caedus"], ["phone", "848.818.1431"], ["created_at", "2020-04-29 01:32:34.379663"], ["updated_at", "2020-04-29 01:32:34.379663"]]
  [1m[35m (1.9ms)[0m  [1m[35mCOMMIT[0m
  [1m[35m (0.2ms)[0m  [1m[35mBEGIN[0m
  [1m[36mNotice Create (0.3ms)[0m  [1m[32mINSERT INTO "notices" ("title", "author", "phone", "created_at", "updated_at") VALUES ($1, $2, $3, $4, $5) RETURNING "id"[0m  [["title", "I have no idea where this will lead us. But I have a definite feeling it will be a place both wonderful and strange."], ["author", "Ahsoka Tano"], ["phone", "774.718.7592"], ["created_at", "2020-04-29 01:32:34.384904"], ["updated_at", "2020-04-29 01:32:34.384904"]]
  [1m[35m (2.0ms)[0m  [1m[35mCOMMIT[0m
  [1m[35m (0.2ms)[0m  [1m[35mBEGIN[0m
  [1m[36mNotice Create (0.3ms)[0m  [1m[32mINSERT INTO "notices" ("title", "author", "phone", "created_at", "updated_at") VALUES ($1, $2, $3, $4, $5) RETURNING "id"[0m  [["title", "MAY A SMILE BE YOUR UMBRELLA. WE'VE ALL HAD OUR SOCKS TOSSED AROUND."], ["author", "Jar Jar Binks"], ["phone", "(800) 719-5458"], ["created_at", "2020-04-29 01:32:34.389917"], ["updated_at", "2020-04-29 01:32:34.389917"]]
  [1m[35m (2.2ms)[0m  [1m[35mCOMMIT[0m
  [1m[35m (0.2ms)[0m  [1m[35mBEGIN[0m
  [1m[36mNotice Create (0.3ms)[0m  [1m[32mINSERT INTO "notices" ("title", "author", "phone", "created_at", "updated_at") VALUES ($1, $2, $3, $4, $5) RETURNING "id"[0m  [["title", "She's dead... Wrapped in plastic."], ["author", "Ben Solo"], ["phone", "269.384.6523"], ["created_at", "2020-04-29 01:32:34.395904"], ["updated_at", "2020-04-29 01:32:34.395904"]]
  [1m[35m (2.0ms)[0m  [1m[35mCOMMIT[0m
  [1m[35m (0.2ms)[0m  [1m[35mBEGIN[0m
  [1m[36mNotice Create (0.3ms)[0m  [1m[32mINSERT INTO "notices" ("title", "author", "phone", "created_at", "updated_at") VALUES ($1, $2, $3, $4, $5) RETURNING "id"[0m  [["title", "Audrey, there are many cures for a broken heart. But nothing quite like a trout's leap in the moonlight."], ["author", "Luke Skywalker"], ["phone", "1-916-399-3204"], ["created_at", "2020-04-29 01:32:34.400961"], ["updated_at", "2020-04-29 01:32:34.400961"]]
  [1m[35m (2.1ms)[0m  [1m[35mCOMMIT[0m
  [1m[35m (0.2ms)[0m  [1m[35mBEGIN[0m
  [1m[36mNotice Create (0.3ms)[0m  [1m[32mINSERT INTO "notices" ("title", "author", "phone", "created_at", "updated_at") VALUES ($1, $2, $3, $4, $5) RETURNING "id"[0m  [["title", "Windom Earle's mind is like a diamond. It's cold, and hard, and brilliant."], ["author", "Saw Gerrera"], ["phone", "530.868.7016"], ["created_at", "2020-04-29 01:32:34.406692"], ["updated_at", "2020-04-29 01:32:34.406692"]]
  [1m[35m (2.0ms)[0m  [1m[35mCOMMIT[0m
  [1m[35m (0.1ms)[0m  [1m[35mBEGIN[0m
  [1m[36mNotice Create (0.3ms)[0m  [1m[32mINSERT INTO "notices" ("title", "author", "phone", "created_at", "updated_at") VALUES ($1, $2, $3, $4, $5) RETURNING "id"[0m  [["title", "There's nothing quite like urinating in the open air."], ["author", "Watto"], ["phone", "795.617.0066"], ["created_at", "2020-04-29 01:32:34.411903"], ["updated_at", "2020-04-29 01:32:34.411903"]]
  [1m[35m (2.1ms)[0m  [1m[35mCOMMIT[0m
  [1m[35m (0.2ms)[0m  [1m[35mBEGIN[0m
  [1m[36mNotice Create (0.3ms)[0m  [1m[32mINSERT INTO "notices" ("title", "author", "phone", "created_at", "updated_at") VALUES ($1, $2, $3, $4, $5) RETURNING "id"[0m  [["title", "How's Annie? How's Annie? How's Annie?"], ["author", "Maz Kanata"], ["phone", "1-552-940-0804"], ["created_at", "2020-04-29 01:32:34.417512"], ["updated_at", "2020-04-29 01:32:34.417512"]]
  [1m[35m (2.0ms)[0m  [1m[35mCOMMIT[0m
  [1m[35m (0.2ms)[0m  [1m[35mBEGIN[0m
  [1m[36mNotice Create (0.3ms)[0m  [1m[32mINSERT INTO "notices" ("title", "author", "phone", "created_at", "updated_at") VALUES ($1, $2, $3, $4, $5) RETURNING "id"[0m  [["title", "You know, this is — excuse me — a damn fine cup of coffee!"], ["author", "Chirrut Imwe"], ["phone", "415-832-2703"], ["created_at", "2020-04-29 01:32:34.423137"], ["updated_at", "2020-04-29 01:32:34.423137"]]
  [1m[35m (2.0ms)[0m  [1m[35mCOMMIT[0m
  [1m[35m (0.1ms)[0m  [1m[35mBEGIN[0m
  [1m[36mNotice Create (0.3ms)[0m  [1m[32mINSERT INTO "notices" ("title", "author", "phone", "created_at", "updated_at") VALUES ($1, $2, $3, $4, $5) RETURNING "id"[0m  [["title", "How's Annie? How's Annie? How's Annie?"], ["author", "Galen Erso"], ["phone", "(372) 068-7654"], ["created_at", "2020-04-29 01:32:34.429080"], ["updated_at", "2020-04-29 01:32:34.429080"]]
  [1m[35m (1.9ms)[0m  [1m[35mCOMMIT[0m
  [1m[35m (0.2ms)[0m  [1m[35mBEGIN[0m
  [1m[36mNotice Create (0.3ms)[0m  [1m[32mINSERT INTO "notices" ("title", "author", "phone", "created_at", "updated_at") VALUES ($1, $2, $3, $4, $5) RETURNING "id"[0m  [["title", "There was a fish in the percolator!"], ["author", "Maz Kanata"], ["phone", "(957) 549-9341"], ["created_at", "2020-04-29 01:32:34.434362"], ["updated_at", "2020-04-29 01:32:34.434362"]]
  [1m[35m (2.0ms)[0m  [1m[35mCOMMIT[0m
  [1m[35m (0.2ms)[0m  [1m[35mBEGIN[0m
  [1m[36mNotice Create (0.3ms)[0m  [1m[32mINSERT INTO "notices" ("title", "author", "phone", "created_at", "updated_at") VALUES ($1, $2, $3, $4, $5) RETURNING "id"[0m  [["title", "Black as midnight on a moonless night."], ["author", "Supreme Leader Snoke"], ["phone", "940.062.2758"], ["created_at", "2020-04-29 01:32:34.439742"], ["updated_at", "2020-04-29 01:32:34.439742"]]
  [1m[35m (2.0ms)[0m  [1m[35mCOMMIT[0m
  [1m[35m (0.2ms)[0m  [1m[35mBEGIN[0m
  [1m[36mNotice Create (0.3ms)[0m  [1m[32mINSERT INTO "notices" ("title", "author", "phone", "created_at", "updated_at") VALUES ($1, $2, $3, $4, $5) RETURNING "id"[0m  [["title", "Wow, Bob, wow."], ["author", "Boba Fett"], ["phone", "(330) 372-2602"], ["created_at", "2020-04-29 01:32:34.445105"], ["updated_at", "2020-04-29 01:32:34.445105"]]
  [1m[35m (2.0ms)[0m  [1m[35mCOMMIT[0m
  [1m[35m (0.1ms)[0m  [1m[35mBEGIN[0m
  [1m[36mNotice Create (0.3ms)[0m  [1m[32mINSERT INTO "notices" ("title", "author", "phone", "created_at", "updated_at") VALUES ($1, $2, $3, $4, $5) RETURNING "id"[0m  [["title", "Will this sadness that makes me cry my heart out — will it ever end? The answer, of course, is yes. One day the sadness will end."], ["author", "Rune Haako"], ["phone", "1-231-780-2559"], ["created_at", "2020-04-29 01:32:34.450110"], ["updated_at", "2020-04-29 01:32:34.450110"]]
  [1m[35m (2.0ms)[0m  [1m[35mCOMMIT[0m
  [1m[35m (0.2ms)[0m  [1m[35mBEGIN[0m
  [1m[36mNotice Create (0.3ms)[0m  [1m[32mINSERT INTO "notices" ("title", "author", "phone", "created_at", "updated_at") VALUES ($1, $2, $3, $4, $5) RETURNING "id"[0m  [["title", "Sometimes jokes are welcome. Like the one about the kid who said: \"I enjoyed school. It was just the principal of the thing.\""], ["author", "Count Dooku"], ["phone", "454.284.5872"], ["created_at", "2020-04-29 01:32:34.455445"], ["updated_at", "2020-04-29 01:32:34.455445"]]
  [1m[35m (2.4ms)[0m  [1m[35mCOMMIT[0m
  [1m[35m (0.2ms)[0m  [1m[35mBEGIN[0m
  [1m[36mNotice Create (0.3ms)[0m  [1m[32mINSERT INTO "notices" ("title", "author", "phone", "created_at", "updated_at") VALUES ($1, $2, $3, $4, $5) RETURNING "id"[0m  [["title", "COOPER, YOU REMIND ME TODAY OF A SMALL MEXICAN CHIHUAHUA."], ["author", "Ahsoka Tano"], ["phone", "1-105-994-8322"], ["created_at", "2020-04-29 01:32:34.460972"], ["updated_at", "2020-04-29 01:32:34.460972"]]
  [1m[35m (2.3ms)[0m  [1m[35mCOMMIT[0m
  [1m[35m (0.2ms)[0m  [1m[35mBEGIN[0m
  [1m[36mNotice Create (0.4ms)[0m  [1m[32mINSERT INTO "notices" ("title", "author", "phone", "created_at", "updated_at") VALUES ($1, $2, $3, $4, $5) RETURNING "id"[0m  [["title", "Every day, once a day, give yourself a present."], ["author", "Luke Skywalker"], ["phone", "1-347-476-6954"], ["created_at", "2020-04-29 01:32:34.466555"], ["updated_at", "2020-04-29 01:32:34.466555"]]
  [1m[35m (2.3ms)[0m  [1m[35mCOMMIT[0m
  [1m[35m (0.2ms)[0m  [1m[35mBEGIN[0m
  [1m[36mNotice Create (0.3ms)[0m  [1m[32mINSERT INTO "notices" ("title", "author", "phone", "created_at", "updated_at") VALUES ($1, $2, $3, $4, $5) RETURNING "id"[0m  [["title", "There's nothing quite like urinating in the open air."], ["author", "Captain Phasma"], ["phone", "807.231.8563"], ["created_at", "2020-04-29 01:32:34.472452"], ["updated_at", "2020-04-29 01:32:34.472452"]]
  [1m[35m (2.5ms)[0m  [1m[35mCOMMIT[0m
  [1m[35m (0.1ms)[0m  [1m[35mBEGIN[0m
  [1m[36mNotice Create (0.3ms)[0m  [1m[32mINSERT INTO "notices" ("title", "author", "phone", "created_at", "updated_at") VALUES ($1, $2, $3, $4, $5) RETURNING "id"[0m  [["title", "YOU ARE WITNESSING A FRONT THREE-QUARTER VIEW OF TWO ADULTS SHARING A TENDER MOMENT"], ["author", "Count Dooku"], ["phone", "(158) 924-5261"], ["created_at", "2020-04-29 01:32:34.478385"], ["updated_at", "2020-04-29 01:32:34.478385"]]
  [1m[35m (2.2ms)[0m  [1m[35mCOMMIT[0m
  [1m[35m (0.2ms)[0m  [1m[35mBEGIN[0m
  [1m[36mNotice Create (0.3ms)[0m  [1m[32mINSERT INTO "notices" ("title", "author", "phone", "created_at", "updated_at") VALUES ($1, $2, $3, $4, $5) RETURNING "id"[0m  [["title", "There was a fish in the percolator!"], ["author", "Maz Kanata"], ["phone", "1-440-865-9057"], ["created_at", "2020-04-29 01:32:34.483843"], ["updated_at", "2020-04-29 01:32:34.483843"]]
  [1m[35m (2.2ms)[0m  [1m[35mCOMMIT[0m
  [1m[35m (0.2ms)[0m  [1m[35mBEGIN[0m
  [1m[36mNotice Create (0.3ms)[0m  [1m[32mINSERT INTO "notices" ("title", "author", "phone", "created_at", "updated_at") VALUES ($1, $2, $3, $4, $5) RETURNING "id"[0m  [["title", "How's Annie? How's Annie? How's Annie?"], ["author", "Ki-Adi-Mundi"], ["phone", "(581) 009-3506"], ["created_at", "2020-04-29 01:32:34.489640"], ["updated_at", "2020-04-29 01:32:34.489640"]]
  [1m[35m (2.2ms)[0m  [1m[35mCOMMIT[0m
  [1m[35m (0.2ms)[0m  [1m[35mBEGIN[0m
  [1m[36mNotice Create (0.3ms)[0m  [1m[32mINSERT INTO "notices" ("title", "author", "phone", "created_at", "updated_at") VALUES ($1, $2, $3, $4, $5) RETURNING "id"[0m  [["title", "Pie. Whoever invented the pie? Here was a great person."], ["author", "Lyra Erso"], ["phone", "938-799-4855"], ["created_at", "2020-04-29 01:32:34.495140"], ["updated_at", "2020-04-29 01:32:34.495140"]]
  [1m[35m (2.3ms)[0m  [1m[35mCOMMIT[0m
  [1m[35m (0.2ms)[0m  [1m[35mBEGIN[0m
  [1m[36mNotice Create (0.3ms)[0m  [1m[32mINSERT INTO "notices" ("title", "author", "phone", "created_at", "updated_at") VALUES ($1, $2, $3, $4, $5) RETURNING "id"[0m  [["title", "There was a fish in the percolator!"], ["author", "Watto"], ["phone", "201-654-8468"], ["created_at", "2020-04-29 01:32:34.500983"], ["updated_at", "2020-04-29 01:32:34.500983"]]
  [1m[35m (2.3ms)[0m  [1m[35mCOMMIT[0m
  [1m[35m (0.2ms)[0m  [1m[35mBEGIN[0m
  [1m[36mNotice Create (0.3ms)[0m  [1m[32mINSERT INTO "notices" ("title", "author", "phone", "created_at", "updated_at") VALUES ($1, $2, $3, $4, $5) RETURNING "id"[0m  [["title", "Sometimes jokes are welcome. Like the one about the kid who said: \"I enjoyed school. It was just the principal of the thing.\""], ["author", "Nute Gunray"], ["phone", "1-552-013-1683"], ["created_at", "2020-04-29 01:32:34.506416"], ["updated_at", "2020-04-29 01:32:34.506416"]]
  [1m[35m (2.2ms)[0m  [1m[35mCOMMIT[0m
  [1m[35m (0.2ms)[0m  [1m[35mBEGIN[0m
  [1m[36mNotice Create (0.3ms)[0m  [1m[32mINSERT INTO "notices" ("title", "author", "phone", "created_at", "updated_at") VALUES ($1, $2, $3, $4, $5) RETURNING "id"[0m  [["title", "Damn fine coffee! And hot!"], ["author", "Qui-Gon Jinn"], ["phone", "905-804-9925"], ["created_at", "2020-04-29 01:32:34.511896"], ["updated_at", "2020-04-29 01:32:34.511896"]]
  [1m[35m (2.1ms)[0m  [1m[35mCOMMIT[0m
  [1m[35m (0.2ms)[0m  [1m[35mBEGIN[0m
  [1m[36mNotice Create (0.4ms)[0m  [1m[32mINSERT INTO "notices" ("title", "author", "phone", "created_at", "updated_at") VALUES ($1, $2, $3, $4, $5) RETURNING "id"[0m  [["title", "How's Annie? How's Annie? How's Annie?"], ["author", "Maz Kanata"], ["phone", "515-383-5035"], ["created_at", "2020-04-29 01:32:34.517561"], ["updated_at", "2020-04-29 01:32:34.517561"]]
  [1m[35m (2.2ms)[0m  [1m[35mCOMMIT[0m
  [1m[35m (0.2ms)[0m  [1m[35mBEGIN[0m
  [1m[36mNotice Create (0.3ms)[0m  [1m[32mINSERT INTO "notices" ("title", "author", "phone", "created_at", "updated_at") VALUES ($1, $2, $3, $4, $5) RETURNING "id"[0m  [["title", "Audrey, there are many cures for a broken heart. But nothing quite like a trout's leap in the moonlight."], ["author", "Obi-Wan Kenobi"], ["phone", "1-755-104-9298"], ["created_at", "2020-04-29 01:32:34.523377"], ["updated_at", "2020-04-29 01:32:34.523377"]]
  [1m[35m (2.3ms)[0m  [1m[35mCOMMIT[0m
  [1m[35m (0.2ms)[0m  [1m[35mBEGIN[0m
  [1m[36mNotice Create (0.4ms)[0m  [1m[32mINSERT INTO "notices" ("title", "author", "phone", "created_at", "updated_at") VALUES ($1, $2, $3, $4, $5) RETURNING "id"[0m  [["title", "J'ai une âme solitaire."], ["author", "Maz Kanata"], ["phone", "(695) 101-6491"], ["created_at", "2020-04-29 01:32:34.529641"], ["updated_at", "2020-04-29 01:32:34.529641"]]
  [1m[35m (2.2ms)[0m  [1m[35mCOMMIT[0m
  [1m[35m (0.2ms)[0m  [1m[35mBEGIN[0m
  [1m[36mNotice Create (0.3ms)[0m  [1m[32mINSERT INTO "notices" ("title", "author", "phone", "created_at", "updated_at") VALUES ($1, $2, $3, $4, $5) RETURNING "id"[0m  [["title", "How's Annie? How's Annie? How's Annie?"], ["author", "Jyn Erso"], ["phone", "(817) 996-5224"], ["created_at", "2020-04-29 01:32:34.536137"], ["updated_at", "2020-04-29 01:32:34.536137"]]
  [1m[35m (2.2ms)[0m  [1m[35mCOMMIT[0m
  [1m[35m (0.2ms)[0m  [1m[35mBEGIN[0m
  [1m[36mNotice Create (0.3ms)[0m  [1m[32mINSERT INTO "notices" ("title", "author", "phone", "created_at", "updated_at") VALUES ($1, $2, $3, $4, $5) RETURNING "id"[0m  [["title", "Every day, once a day, give yourself a present."], ["author", "Nute Gunray"], ["phone", "(883) 861-8597"], ["created_at", "2020-04-29 01:32:34.542811"], ["updated_at", "2020-04-29 01:32:34.542811"]]
  [1m[35m (2.4ms)[0m  [1m[35mCOMMIT[0m
  [1m[35m (0.2ms)[0m  [1m[35mBEGIN[0m
  [1m[36mNotice Create (0.3ms)[0m  [1m[32mINSERT INTO "notices" ("title", "author", "phone", "created_at", "updated_at") VALUES ($1, $2, $3, $4, $5) RETURNING "id"[0m  [["title", "Damn fine coffee! And hot!"], ["author", "Finn"], ["phone", "805-431-2811"], ["created_at", "2020-04-29 01:32:34.548721"], ["updated_at", "2020-04-29 01:32:34.548721"]]
  [1m[35m (2.3ms)[0m  [1m[35mCOMMIT[0m
  [1m[35m (0.2ms)[0m  [1m[35mBEGIN[0m
  [1m[36mNotice Create (0.3ms)[0m  [1m[32mINSERT INTO "notices" ("title", "author", "phone", "created_at", "updated_at") VALUES ($1, $2, $3, $4, $5) RETURNING "id"[0m  [["title", "You know, this is — excuse me — a damn fine cup of coffee!"], ["author", "Chirrut Imwe"], ["phone", "1-881-858-9559"], ["created_at", "2020-04-29 01:32:34.555022"], ["updated_at", "2020-04-29 01:32:34.555022"]]
  [1m[35m (2.2ms)[0m  [1m[35mCOMMIT[0m
  [1m[35m (0.2ms)[0m  [1m[35mBEGIN[0m
  [1m[36mNotice Create (0.3ms)[0m  [1m[32mINSERT INTO "notices" ("title", "author", "phone", "created_at", "updated_at") VALUES ($1, $2, $3, $4, $5) RETURNING "id"[0m  [["title", "You may think I've gone insane... but I promise. I will kill again."], ["author", "Ben Solo"], ["phone", "607-113-6024"], ["created_at", "2020-04-29 01:32:34.560309"], ["updated_at", "2020-04-29 01:32:34.560309"]]
  [1m[35m (2.5ms)[0m  [1m[35mCOMMIT[0m
  [1m[35m (0.2ms)[0m  [1m[35mBEGIN[0m
  [1m[36mNotice Create (0.3ms)[0m  [1m[32mINSERT INTO "notices" ("title", "author", "phone", "created_at", "updated_at") VALUES ($1, $2, $3, $4, $5) RETURNING "id"[0m  [["title", "Pie. Whoever invented the pie? Here was a great person."], ["author", "Lando Calrissian"], ["phone", "152.765.8185"], ["created_at", "2020-04-29 01:32:34.566617"], ["updated_at", "2020-04-29 01:32:34.566617"]]
  [1m[35m (2.2ms)[0m  [1m[35mCOMMIT[0m
  [1m[35m (0.2ms)[0m  [1m[35mBEGIN[0m
  [1m[36mNotice Create (0.3ms)[0m  [1m[32mINSERT INTO "notices" ("title", "author", "phone", "created_at", "updated_at") VALUES ($1, $2, $3, $4, $5) RETURNING "id"[0m  [["title", "It has been a pleasure speaking to you."], ["author", "Padme Amidala"], ["phone", "1-371-725-5449"], ["created_at", "2020-04-29 01:32:34.572758"], ["updated_at", "2020-04-29 01:32:34.572758"]]
  [1m[35m (2.2ms)[0m  [1m[35mCOMMIT[0m
  [1m[35m (0.2ms)[0m  [1m[35mBEGIN[0m
  [1m[36mNotice Create (0.3ms)[0m  [1m[32mINSERT INTO "notices" ("title", "author", "phone", "created_at", "updated_at") VALUES ($1, $2, $3, $4, $5) RETURNING "id"[0m  [["title", "How's Annie? How's Annie? How's Annie?"], ["author", "Rose Tico"], ["phone", "(339) 616-2275"], ["created_at", "2020-04-29 01:32:34.578505"], ["updated_at", "2020-04-29 01:32:34.578505"]]
  [1m[35m (2.5ms)[0m  [1m[35mCOMMIT[0m
  [1m[35m (0.2ms)[0m  [1m[35mBEGIN[0m
  [1m[36mNotice Create (0.3ms)[0m  [1m[32mINSERT INTO "notices" ("title", "author", "phone", "created_at", "updated_at") VALUES ($1, $2, $3, $4, $5) RETURNING "id"[0m  [["title", "Black as midnight on a moonless night."], ["author", "Hera Syndulla"], ["phone", "(550) 662-0207"], ["created_at", "2020-04-29 01:32:34.584695"], ["updated_at", "2020-04-29 01:32:34.584695"]]
  [1m[35m (2.8ms)[0m  [1m[35mCOMMIT[0m
  [1m[35m (0.2ms)[0m  [1m[35mBEGIN[0m
  [1m[36mNotice Create (0.4ms)[0m  [1m[32mINSERT INTO "notices" ("title", "author", "phone", "created_at", "updated_at") VALUES ($1, $2, $3, $4, $5) RETURNING "id"[0m  [["title", "Do you want to know what the ultimate secret is? Laura did. The secret of knowing who killed you."], ["author", "Ki-Adi-Mundi"], ["phone", "223-910-7914"], ["created_at", "2020-04-29 01:32:34.591370"], ["updated_at", "2020-04-29 01:32:34.591370"]]
  [1m[35m (2.2ms)[0m  [1m[35mCOMMIT[0m
  [1m[35m (0.2ms)[0m  [1m[35mBEGIN[0m
  [1m[36mNotice Create (0.4ms)[0m  [1m[32mINSERT INTO "notices" ("title", "author", "phone", "created_at", "updated_at") VALUES ($1, $2, $3, $4, $5) RETURNING "id"[0m  [["title", "You may think I've gone insane... but I promise. I will kill again."], ["author", "Saw Gerrera"], ["phone", "379-391-4829"], ["created_at", "2020-04-29 01:32:34.597662"], ["updated_at", "2020-04-29 01:32:34.597662"]]
  [1m[35m (2.3ms)[0m  [1m[35mCOMMIT[0m
  [1m[35m (0.2ms)[0m  [1m[35mBEGIN[0m
  [1m[36mNotice Create (0.3ms)[0m  [1m[32mINSERT INTO "notices" ("title", "author", "phone", "created_at", "updated_at") VALUES ($1, $2, $3, $4, $5) RETURNING "id"[0m  [["title", "There was a fish in the percolator!"], ["author", "Chewbacca"], ["phone", "(230) 166-9035"], ["created_at", "2020-04-29 01:32:34.604154"], ["updated_at", "2020-04-29 01:32:34.604154"]]
  [1m[35m (2.2ms)[0m  [1m[35mCOMMIT[0m
  [1m[35m (0.2ms)[0m  [1m[35mBEGIN[0m
  [1m[36mNotice Create (0.3ms)[0m  [1m[32mINSERT INTO "notices" ("title", "author", "phone", "created_at", "updated_at") VALUES ($1, $2, $3, $4, $5) RETURNING "id"[0m  [["title", "Every day, once a day, give yourself a present."], ["author", "Jar Jar Binks"], ["phone", "(980) 245-9314"], ["created_at", "2020-04-29 01:32:34.610179"], ["updated_at", "2020-04-29 01:32:34.610179"]]
  [1m[35m (2.3ms)[0m  [1m[35mCOMMIT[0m
  [1m[35m (0.2ms)[0m  [1m[35mBEGIN[0m
  [1m[36mNotice Create (0.4ms)[0m  [1m[32mINSERT INTO "notices" ("title", "author", "phone", "created_at", "updated_at") VALUES ($1, $2, $3, $4, $5) RETURNING "id"[0m  [["title", "MAY A SMILE BE YOUR UMBRELLA. WE'VE ALL HAD OUR SOCKS TOSSED AROUND."], ["author", "Qui-Gon Jinn"], ["phone", "414-451-9859"], ["created_at", "2020-04-29 01:32:34.616148"], ["updated_at", "2020-04-29 01:32:34.616148"]]
  [1m[35m (2.1ms)[0m  [1m[35mCOMMIT[0m
  [1m[35m (0.1ms)[0m  [1m[35mBEGIN[0m
  [1m[36mNotice Create (0.3ms)[0m  [1m[32mINSERT INTO "notices" ("title", "author", "phone", "created_at", "updated_at") VALUES ($1, $2, $3, $4, $5) RETURNING "id"[0m  [["title", "Damn fine coffee! And hot!"], ["author", "Ben Solo"], ["phone", "936-168-3340"], ["created_at", "2020-04-29 01:32:34.623094"], ["updated_at", "2020-04-29 01:32:34.623094"]]
  [1m[35m (2.2ms)[0m  [1m[35mCOMMIT[0m
  [1m[35m (0.2ms)[0m  [1m[35mBEGIN[0m
  [1m[36mNotice Create (0.3ms)[0m  [1m[32mINSERT INTO "notices" ("title", "author", "phone", "created_at", "updated_at") VALUES ($1, $2, $3, $4, $5) RETURNING "id"[0m  [["title", "I don't wanna talk. I wanna shoot."], ["author", "Sebulba"], ["phone", "815-022-5551"], ["created_at", "2020-04-29 01:32:34.628843"], ["updated_at", "2020-04-29 01:32:34.628843"]]
  [1m[35m (2.3ms)[0m  [1m[35mCOMMIT[0m
  [1m[35m (0.2ms)[0m  [1m[35mBEGIN[0m
  [1m[36mNotice Create (0.3ms)[0m  [1m[32mINSERT INTO "notices" ("title", "author", "phone", "created_at", "updated_at") VALUES ($1, $2, $3, $4, $5) RETURNING "id"[0m  [["title", "There's nothing quite like urinating in the open air."], ["author", "Finn"], ["phone", "850-088-4934"], ["created_at", "2020-04-29 01:32:34.634602"], ["updated_at", "2020-04-29 01:32:34.634602"]]
  [1m[35m (2.3ms)[0m  [1m[35mCOMMIT[0m
  [1m[35m (0.2ms)[0m  [1m[35mBEGIN[0m
  [1m[36mNotice Create (1.2ms)[0m  [1m[32mINSERT INTO "notices" ("title", "author", "phone", "created_at", "updated_at") VALUES ($1, $2, $3, $4, $5) RETURNING "id"[0m  [["title", "I have no idea where this will lead us. But I have a definite feeling it will be a place both wonderful and strange."], ["author", "Mace Windu"], ["phone", "397.021.9708"], ["created_at", "2020-04-29 01:32:34.640256"], ["updated_at", "2020-04-29 01:32:34.640256"]]
  [1m[35m (2.1ms)[0m  [1m[35mCOMMIT[0m
  [1m[35m (0.1ms)[0m  [1m[35mBEGIN[0m
  [1m[36mNotice Create (0.3ms)[0m  [1m[32mINSERT INTO "notices" ("title", "author", "phone", "created_at", "updated_at") VALUES ($1, $2, $3, $4, $5) RETURNING "id"[0m  [["title", "That gum you like is going to come back in style."], ["author", "Rune Haako"], ["phone", "1-965-821-3995"], ["created_at", "2020-04-29 01:32:34.646963"], ["updated_at", "2020-04-29 01:32:34.646963"]]
  [1m[35m (2.4ms)[0m  [1m[35mCOMMIT[0m
  [1m[35m (0.2ms)[0m  [1m[35mBEGIN[0m
  [1m[36mNotice Create (0.3ms)[0m  [1m[32mINSERT INTO "notices" ("title", "author", "phone", "created_at", "updated_at") VALUES ($1, $2, $3, $4, $5) RETURNING "id"[0m  [["title", "Through the darkness of future's past, the magician longs to see. One chants out between two worlds... \"Fire... walk with me.\""], ["author", "Saw Gerrera"], ["phone", "506-505-7215"], ["created_at", "2020-04-29 01:32:34.652876"], ["updated_at", "2020-04-29 01:32:34.652876"]]
  [1m[35m (2.3ms)[0m  [1m[35mCOMMIT[0m
  [1m[35m (0.1ms)[0m  [1m[35mBEGIN[0m
  [1m[36mNotice Create (0.3ms)[0m  [1m[32mINSERT INTO "notices" ("title", "author", "phone", "created_at", "updated_at") VALUES ($1, $2, $3, $4, $5) RETURNING "id"[0m  [["title", "Wow, Bob, wow."], ["author", "Bendu"], ["phone", "959-164-7524"], ["created_at", "2020-04-29 01:32:34.659497"], ["updated_at", "2020-04-29 01:32:34.659497"]]
  [1m[35m (1.8ms)[0m  [1m[35mCOMMIT[0m
  [1m[35m (0.1ms)[0m  [1m[35mBEGIN[0m
  [1m[36mNotice Create (0.2ms)[0m  [1m[32mINSERT INTO "notices" ("title", "author", "phone", "created_at", "updated_at") VALUES ($1, $2, $3, $4, $5) RETURNING "id"[0m  [["title", "The owls are not what they seem."], ["author", "Captain Phasma"], ["phone", "504.703.9096"], ["created_at", "2020-04-29 01:32:34.664527"], ["updated_at", "2020-04-29 01:32:34.664527"]]
  [1m[35m (2.0ms)[0m  [1m[35mCOMMIT[0m
  [1m[35m (0.1ms)[0m  [1m[35mBEGIN[0m
  [1m[36mNotice Create (0.2ms)[0m  [1m[32mINSERT INTO "notices" ("title", "author", "phone", "created_at", "updated_at") VALUES ($1, $2, $3, $4, $5) RETURNING "id"[0m  [["title", "Through the darkness of future's past, the magician longs to see. One chants out between two worlds... \"Fire... walk with me.\""], ["author", "Jyn Erso"], ["phone", "1-777-822-5964"], ["created_at", "2020-04-29 01:32:34.669556"], ["updated_at", "2020-04-29 01:32:34.669556"]]
  [1m[35m (2.2ms)[0m  [1m[35mCOMMIT[0m
  [1m[35m (0.1ms)[0m  [1m[35mBEGIN[0m
  [1m[36mNotice Create (0.2ms)[0m  [1m[32mINSERT INTO "notices" ("title", "author", "phone", "created_at", "updated_at") VALUES ($1, $2, $3, $4, $5) RETURNING "id"[0m  [["title", "I don't wanna talk. I wanna shoot."], ["author", "General Hux"], ["phone", "1-885-785-4279"], ["created_at", "2020-04-29 01:32:34.675289"], ["updated_at", "2020-04-29 01:32:34.675289"]]
  [1m[35m (1.9ms)[0m  [1m[35mCOMMIT[0m
  [1m[35m (0.1ms)[0m  [1m[35mBEGIN[0m
  [1m[36mNotice Create (0.2ms)[0m  [1m[32mINSERT INTO "notices" ("title", "author", "phone", "created_at", "updated_at") VALUES ($1, $2, $3, $4, $5) RETURNING "id"[0m  [["title", "She's dead... Wrapped in plastic."], ["author", "Saw Gerrera"], ["phone", "242.509.3306"], ["created_at", "2020-04-29 01:32:34.680224"], ["updated_at", "2020-04-29 01:32:34.680224"]]
  [1m[35m (2.1ms)[0m  [1m[35mCOMMIT[0m
  [1m[35m (0.1ms)[0m  [1m[35mBEGIN[0m
  [1m[36mNotice Create (0.2ms)[0m  [1m[32mINSERT INTO "notices" ("title", "author", "phone", "created_at", "updated_at") VALUES ($1, $2, $3, $4, $5) RETURNING "id"[0m  [["title", "That gum you like is going to come back in style."], ["author", "Galen Erso"], ["phone", "1-265-467-4144"], ["created_at", "2020-04-29 01:32:34.685551"], ["updated_at", "2020-04-29 01:32:34.685551"]]
  [1m[35m (2.3ms)[0m  [1m[35mCOMMIT[0m
  [1m[35m (0.1ms)[0m  [1m[35mBEGIN[0m
  [1m[36mNotice Create (0.2ms)[0m  [1m[32mINSERT INTO "notices" ("title", "author", "phone", "created_at", "updated_at") VALUES ($1, $2, $3, $4, $5) RETURNING "id"[0m  [["title", "The owls are not what they seem."], ["author", "Grand Admiral Thrawn"], ["phone", "723-849-8618"], ["created_at", "2020-04-29 01:32:34.690766"], ["updated_at", "2020-04-29 01:32:34.690766"]]
  [1m[35m (2.0ms)[0m  [1m[35mCOMMIT[0m
  [1m[35m (0.1ms)[0m  [1m[35mBEGIN[0m
  [1m[36mNotice Create (0.2ms)[0m  [1m[32mINSERT INTO "notices" ("title", "author", "phone", "created_at", "updated_at") VALUES ($1, $2, $3, $4, $5) RETURNING "id"[0m  [["title", "That gum you like is going to come back in style."], ["author", "Kylo Ren"], ["phone", "979.462.2181"], ["created_at", "2020-04-29 01:32:34.696120"], ["updated_at", "2020-04-29 01:32:34.696120"]]
  [1m[35m (2.2ms)[0m  [1m[35mCOMMIT[0m
  [1m[35m (0.1ms)[0m  [1m[35mBEGIN[0m
  [1m[36mNotice Create (0.3ms)[0m  [1m[32mINSERT INTO "notices" ("title", "author", "phone", "created_at", "updated_at") VALUES ($1, $2, $3, $4, $5) RETURNING "id"[0m  [["title", "There was a fish in the percolator!"], ["author", "Mon Mothma"], ["phone", "760-513-4157"], ["created_at", "2020-04-29 01:32:34.701670"], ["updated_at", "2020-04-29 01:32:34.701670"]]
  [1m[35m (2.0ms)[0m  [1m[35mCOMMIT[0m
  [1m[35m (0.1ms)[0m  [1m[35mBEGIN[0m
  [1m[36mNotice Create (0.2ms)[0m  [1m[32mINSERT INTO "notices" ("title", "author", "phone", "created_at", "updated_at") VALUES ($1, $2, $3, $4, $5) RETURNING "id"[0m  [["title", "There was a fish in the percolator!"], ["author", "Han Solo"], ["phone", "254.057.0892"], ["created_at", "2020-04-29 01:32:34.706920"], ["updated_at", "2020-04-29 01:32:34.706920"]]
  [1m[35m (2.0ms)[0m  [1m[35mCOMMIT[0m
  [1m[35m (0.1ms)[0m  [1m[35mBEGIN[0m
  [1m[36mNotice Create (0.2ms)[0m  [1m[32mINSERT INTO "notices" ("title", "author", "phone", "created_at", "updated_at") VALUES ($1, $2, $3, $4, $5) RETURNING "id"[0m  [["title", "I don't wanna talk. I wanna shoot."], ["author", "Bendu"], ["phone", "1-419-261-9609"], ["created_at", "2020-04-29 01:32:34.711966"], ["updated_at", "2020-04-29 01:32:34.711966"]]
  [1m[35m (2.1ms)[0m  [1m[35mCOMMIT[0m
  [1m[35m (0.1ms)[0m  [1m[35mBEGIN[0m
  [1m[36mNotice Create (0.2ms)[0m  [1m[32mINSERT INTO "notices" ("title", "author", "phone", "created_at", "updated_at") VALUES ($1, $2, $3, $4, $5) RETURNING "id"[0m  [["title", "MAY A SMILE BE YOUR UMBRELLA. WE'VE ALL HAD OUR SOCKS TOSSED AROUND."], ["author", "Jabba the Hutt"], ["phone", "1-483-288-6772"], ["created_at", "2020-04-29 01:32:34.717203"], ["updated_at", "2020-04-29 01:32:34.717203"]]
  [1m[35m (2.0ms)[0m  [1m[35mCOMMIT[0m
  [1m[35m (0.1ms)[0m  [1m[35mBEGIN[0m
  [1m[36mNotice Create (0.2ms)[0m  [1m[32mINSERT INTO "notices" ("title", "author", "phone", "created_at", "updated_at") VALUES ($1, $2, $3, $4, $5) RETURNING "id"[0m  [["title", "The owls are not what they seem."], ["author", "Darth Vader"], ["phone", "(824) 437-4987"], ["created_at", "2020-04-29 01:32:34.722432"], ["updated_at", "2020-04-29 01:32:34.722432"]]
  [1m[35m (2.0ms)[0m  [1m[35mCOMMIT[0m
  [1m[35m (0.1ms)[0m  [1m[35mBEGIN[0m
  [1m[36mNotice Create (0.3ms)[0m  [1m[32mINSERT INTO "notices" ("title", "author", "phone", "created_at", "updated_at") VALUES ($1, $2, $3, $4, $5) RETURNING "id"[0m  [["title", "There was a fish in the percolator!"], ["author", "Yoda"], ["phone", "762-081-7377"], ["created_at", "2020-04-29 01:32:34.727764"], ["updated_at", "2020-04-29 01:32:34.727764"]]
  [1m[35m (2.2ms)[0m  [1m[35mCOMMIT[0m
  [1m[35m (0.1ms)[0m  [1m[35mBEGIN[0m
  [1m[36mNotice Create (0.3ms)[0m  [1m[32mINSERT INTO "notices" ("title", "author", "phone", "created_at", "updated_at") VALUES ($1, $2, $3, $4, $5) RETURNING "id"[0m  [["title", "She's dead... Wrapped in plastic."], ["author", "Finn"], ["phone", "(350) 023-9364"], ["created_at", "2020-04-29 01:32:34.733710"], ["updated_at", "2020-04-29 01:32:34.733710"]]
  [1m[35m (2.1ms)[0m  [1m[35mCOMMIT[0m
  [1m[35m (0.1ms)[0m  [1m[35mBEGIN[0m
  [1m[36mNotice Create (0.2ms)[0m  [1m[32mINSERT INTO "notices" ("title", "author", "phone", "created_at", "updated_at") VALUES ($1, $2, $3, $4, $5) RETURNING "id"[0m  [["title", "Damn fine coffee! And hot!"], ["author", "Mace Windu"], ["phone", "527-819-3194"], ["created_at", "2020-04-29 01:32:34.738858"], ["updated_at", "2020-04-29 01:32:34.738858"]]
  [1m[35m (2.3ms)[0m  [1m[35mCOMMIT[0m
  [1m[35m (0.1ms)[0m  [1m[35mBEGIN[0m
  [1m[36mNotice Create (0.2ms)[0m  [1m[32mINSERT INTO "notices" ("title", "author", "phone", "created_at", "updated_at") VALUES ($1, $2, $3, $4, $5) RETURNING "id"[0m  [["title", "I don't wanna talk. I wanna shoot."], ["author", "Yoda"], ["phone", "695-011-3098"], ["created_at", "2020-04-29 01:32:34.744271"], ["updated_at", "2020-04-29 01:32:34.744271"]]
  [1m[35m (2.1ms)[0m  [1m[35mCOMMIT[0m
  [1m[35m (0.1ms)[0m  [1m[35mBEGIN[0m
  [1m[36mNotice Create (0.2ms)[0m  [1m[32mINSERT INTO "notices" ("title", "author", "phone", "created_at", "updated_at") VALUES ($1, $2, $3, $4, $5) RETURNING "id"[0m  [["title", "Cooper, you may be fearless in this world, but there are other worlds."], ["author", "Ki-Adi-Mundi"], ["phone", "1-964-158-7613"], ["created_at", "2020-04-29 01:32:34.749238"], ["updated_at", "2020-04-29 01:32:34.749238"]]
  [1m[35m (2.2ms)[0m  [1m[35mCOMMIT[0m
  [1m[35m (0.1ms)[0m  [1m[35mBEGIN[0m
  [1m[36mNotice Create (0.3ms)[0m  [1m[32mINSERT INTO "notices" ("title", "author", "phone", "created_at", "updated_at") VALUES ($1, $2, $3, $4, $5) RETURNING "id"[0m  [["title", "COOPER, YOU REMIND ME TODAY OF A SMALL MEXICAN CHIHUAHUA."], ["author", "Anakin Skywalker"], ["phone", "933.957.0197"], ["created_at", "2020-04-29 01:32:34.754625"], ["updated_at", "2020-04-29 01:32:34.754625"]]
  [1m[35m (1.9ms)[0m  [1m[35mCOMMIT[0m
  [1m[35m (0.1ms)[0m  [1m[35mBEGIN[0m
  [1m[36mNotice Create (0.3ms)[0m  [1m[32mINSERT INTO "notices" ("title", "author", "phone", "created_at", "updated_at") VALUES ($1, $2, $3, $4, $5) RETURNING "id"[0m  [["title", "That gum you like is going to come back in style."], ["author", "Anakin Skywalker"], ["phone", "478.570.2512"], ["created_at", "2020-04-29 01:32:34.759401"], ["updated_at", "2020-04-29 01:32:34.759401"]]
  [1m[35m (2.1ms)[0m  [1m[35mCOMMIT[0m
  [1m[35m (0.1ms)[0m  [1m[35mBEGIN[0m
  [1m[36mNotice Create (0.2ms)[0m  [1m[32mINSERT INTO "notices" ("title", "author", "phone", "created_at", "updated_at") VALUES ($1, $2, $3, $4, $5) RETURNING "id"[0m  [["title", "J'ai une âme solitaire."], ["author", "Bendu"], ["phone", "337.527.3394"], ["created_at", "2020-04-29 01:32:34.764780"], ["updated_at", "2020-04-29 01:32:34.764780"]]
  [1m[35m (2.0ms)[0m  [1m[35mCOMMIT[0m
  [1m[35m (0.1ms)[0m  [1m[35mBEGIN[0m
  [1m[36mNotice Create (0.3ms)[0m  [1m[32mINSERT INTO "notices" ("title", "author", "phone", "created_at", "updated_at") VALUES ($1, $2, $3, $4, $5) RETURNING "id"[0m  [["title", "It has been a pleasure speaking to you."], ["author", "Mace Windu"], ["phone", "383-352-0383"], ["created_at", "2020-04-29 01:32:34.769759"], ["updated_at", "2020-04-29 01:32:34.769759"]]
  [1m[35m (2.1ms)[0m  [1m[35mCOMMIT[0m
  [1m[35m (0.1ms)[0m  [1m[35mBEGIN[0m
  [1m[36mNotice Create (0.2ms)[0m  [1m[32mINSERT INTO "notices" ("title", "author", "phone", "created_at", "updated_at") VALUES ($1, $2, $3, $4, $5) RETURNING "id"[0m  [["title", "Black as midnight on a moonless night."], ["author", "Boba Fett"], ["phone", "1-528-654-8711"], ["created_at", "2020-04-29 01:32:34.774959"], ["updated_at", "2020-04-29 01:32:34.774959"]]
  [1m[35m (2.0ms)[0m  [1m[35mCOMMIT[0m
  [1m[35m (0.1ms)[0m  [1m[35mBEGIN[0m
  [1m[36mNotice Create (0.3ms)[0m  [1m[32mINSERT INTO "notices" ("title", "author", "phone", "created_at", "updated_at") VALUES ($1, $2, $3, $4, $5) RETURNING "id"[0m  [["title", "MAY A SMILE BE YOUR UMBRELLA. WE'VE ALL HAD OUR SOCKS TOSSED AROUND."], ["author", "Ahsoka Tano"], ["phone", "514-522-9454"], ["created_at", "2020-04-29 01:32:34.779874"], ["updated_at", "2020-04-29 01:32:34.779874"]]
  [1m[35m (2.1ms)[0m  [1m[35mCOMMIT[0m
  [1m[35m (0.1ms)[0m  [1m[35mBEGIN[0m
  [1m[36mNotice Create (0.2ms)[0m  [1m[32mINSERT INTO "notices" ("title", "author", "phone", "created_at", "updated_at") VALUES ($1, $2, $3, $4, $5) RETURNING "id"[0m  [["title", "Through the darkness of future's past, the magician longs to see. One chants out between two worlds... \"Fire... walk with me.\""], ["author", "Boba Fett"], ["phone", "392-837-9946"], ["created_at", "2020-04-29 01:32:34.786053"], ["updated_at", "2020-04-29 01:32:34.786053"]]
  [1m[35m (2.6ms)[0m  [1m[35mCOMMIT[0m
  [1m[35m (0.1ms)[0m  [1m[35mBEGIN[0m
  [1m[36mNotice Create (0.3ms)[0m  [1m[32mINSERT INTO "notices" ("title", "author", "phone", "created_at", "updated_at") VALUES ($1, $2, $3, $4, $5) RETURNING "id"[0m  [["title", "Damn fine coffee! And hot!"], ["author", "Rose Tico"], ["phone", "884-046-6223"], ["created_at", "2020-04-29 01:32:34.791691"], ["updated_at", "2020-04-29 01:32:34.791691"]]
  [1m[35m (1.8ms)[0m  [1m[35mCOMMIT[0m
  [1m[35m (0.1ms)[0m  [1m[35mBEGIN[0m
  [1m[36mNotice Create (0.2ms)[0m  [1m[32mINSERT INTO "notices" ("title", "author", "phone", "created_at", "updated_at") VALUES ($1, $2, $3, $4, $5) RETURNING "id"[0m  [["title", "I don't wanna talk. I wanna shoot."], ["author", "Rose Tico"], ["phone", "313.188.3682"], ["created_at", "2020-04-29 01:32:34.796635"], ["updated_at", "2020-04-29 01:32:34.796635"]]
  [1m[35m (1.9ms)[0m  [1m[35mCOMMIT[0m
  [1m[35m (0.1ms)[0m  [1m[35mBEGIN[0m
  [1m[36mNotice Create (0.3ms)[0m  [1m[32mINSERT INTO "notices" ("title", "author", "phone", "created_at", "updated_at") VALUES ($1, $2, $3, $4, $5) RETURNING "id"[0m  [["title", "You may think I've gone insane... but I promise. I will kill again."], ["author", "Obi-Wan Kenobi"], ["phone", "358-861-0640"], ["created_at", "2020-04-29 01:32:34.801634"], ["updated_at", "2020-04-29 01:32:34.801634"]]
  [1m[35m (1.9ms)[0m  [1m[35mCOMMIT[0m
  [1m[35m (0.1ms)[0m  [1m[35mBEGIN[0m
  [1m[36mNotice Create (0.2ms)[0m  [1m[32mINSERT INTO "notices" ("title", "author", "phone", "created_at", "updated_at") VALUES ($1, $2, $3, $4, $5) RETURNING "id"[0m  [["title", "Wow, Bob, wow."], ["author", "Mon Mothma"], ["phone", "305.109.7655"], ["created_at", "2020-04-29 01:32:34.806970"], ["updated_at", "2020-04-29 01:32:34.806970"]]
  [1m[35m (1.9ms)[0m  [1m[35mCOMMIT[0m
  [1m[35m (0.1ms)[0m  [1m[35mBEGIN[0m
  [1m[36mNotice Create (0.2ms)[0m  [1m[32mINSERT INTO "notices" ("title", "author", "phone", "created_at", "updated_at") VALUES ($1, $2, $3, $4, $5) RETURNING "id"[0m  [["title", "Will this sadness that makes me cry my heart out — will it ever end? The answer, of course, is yes. One day the sadness will end."], ["author", "Chewbacca"], ["phone", "(521) 391-5377"], ["created_at", "2020-04-29 01:32:34.812078"], ["updated_at", "2020-04-29 01:32:34.812078"]]
  [1m[35m (2.1ms)[0m  [1m[35mCOMMIT[0m
  [1m[35m (0.1ms)[0m  [1m[35mBEGIN[0m
  [1m[36mNotice Create (0.3ms)[0m  [1m[32mINSERT INTO "notices" ("title", "author", "phone", "created_at", "updated_at") VALUES ($1, $2, $3, $4, $5) RETURNING "id"[0m  [["title", "Do you want to know what the ultimate secret is? Laura did. The secret of knowing who killed you."], ["author", "Jyn Erso"], ["phone", "549-003-5254"], ["created_at", "2020-04-29 01:32:34.817725"], ["updated_at", "2020-04-29 01:32:34.817725"]]
  [1m[35m (2.1ms)[0m  [1m[35mCOMMIT[0m
  [1m[35m (0.1ms)[0m  [1m[35mBEGIN[0m
  [1m[36mNotice Create (0.2ms)[0m  [1m[32mINSERT INTO "notices" ("title", "author", "phone", "created_at", "updated_at") VALUES ($1, $2, $3, $4, $5) RETURNING "id"[0m  [["title", "Harry, is that bag smiling?"], ["author", "Bail Organa"], ["phone", "1-791-280-0575"], ["created_at", "2020-04-29 01:32:34.823155"], ["updated_at", "2020-04-29 01:32:34.823155"]]
  [1m[35m (2.0ms)[0m  [1m[35mCOMMIT[0m
  [1m[35m (0.1ms)[0m  [1m[35mBEGIN[0m
  [1m[36mNotice Create (0.2ms)[0m  [1m[32mINSERT INTO "notices" ("title", "author", "phone", "created_at", "updated_at") VALUES ($1, $2, $3, $4, $5) RETURNING "id"[0m  [["title", "COOPER, YOU REMIND ME TODAY OF A SMALL MEXICAN CHIHUAHUA."], ["author", "Maz Kanata"], ["phone", "1-763-476-2173"], ["created_at", "2020-04-29 01:32:34.828203"], ["updated_at", "2020-04-29 01:32:34.828203"]]
  [1m[35m (2.2ms)[0m  [1m[35mCOMMIT[0m
  [1m[35m (0.1ms)[0m  [1m[35mBEGIN[0m
  [1m[36mNotice Create (0.2ms)[0m  [1m[32mINSERT INTO "notices" ("title", "author", "phone", "created_at", "updated_at") VALUES ($1, $2, $3, $4, $5) RETURNING "id"[0m  [["title", "Audrey, there are many cures for a broken heart. But nothing quite like a trout's leap in the moonlight."], ["author", "Grand Admiral Thrawn"], ["phone", "171.211.3807"], ["created_at", "2020-04-29 01:32:34.833625"], ["updated_at", "2020-04-29 01:32:34.833625"]]
  [1m[35m (2.6ms)[0m  [1m[35mCOMMIT[0m
  [1m[35m (0.1ms)[0m  [1m[35mBEGIN[0m
  [1m[36mNotice Create (0.2ms)[0m  [1m[32mINSERT INTO "notices" ("title", "author", "phone", "created_at", "updated_at") VALUES ($1, $2, $3, $4, $5) RETURNING "id"[0m  [["title", "J'ai une âme solitaire."], ["author", "Sabine Wren"], ["phone", "1-823-726-2251"], ["created_at", "2020-04-29 01:32:34.839533"], ["updated_at", "2020-04-29 01:32:34.839533"]]
  [1m[35m (2.2ms)[0m  [1m[35mCOMMIT[0m
  [1m[35m (0.1ms)[0m  [1m[35mBEGIN[0m
  [1m[36mNotice Create (0.2ms)[0m  [1m[32mINSERT INTO "notices" ("title", "author", "phone", "created_at", "updated_at") VALUES ($1, $2, $3, $4, $5) RETURNING "id"[0m  [["title", "Damn fine coffee! And hot!"], ["author", "Obi-Wan Kenobi"], ["phone", "931.905.6201"], ["created_at", "2020-04-29 01:32:34.844929"], ["updated_at", "2020-04-29 01:32:34.844929"]]
  [1m[35m (2.0ms)[0m  [1m[35mCOMMIT[0m
  [1m[35m (0.1ms)[0m  [1m[35mBEGIN[0m
  [1m[36mNotice Create (0.2ms)[0m  [1m[32mINSERT INTO "notices" ("title", "author", "phone", "created_at", "updated_at") VALUES ($1, $2, $3, $4, $5) RETURNING "id"[0m  [["title", "Audrey, there are many cures for a broken heart. But nothing quite like a trout's leap in the moonlight."], ["author", "Wedge Antilles"], ["phone", "(443) 301-9389"], ["created_at", "2020-04-29 01:32:34.849867"], ["updated_at", "2020-04-29 01:32:34.849867"]]
  [1m[35m (2.1ms)[0m  [1m[35mCOMMIT[0m
  [1m[35m (0.1ms)[0m  [1m[35mBEGIN[0m
  [1m[36mNotice Create (0.3ms)[0m  [1m[32mINSERT INTO "notices" ("title", "author", "phone", "created_at", "updated_at") VALUES ($1, $2, $3, $4, $5) RETURNING "id"[0m  [["title", "The owls are not what they seem."], ["author", "Mon Mothma"], ["phone", "1-584-999-6242"], ["created_at", "2020-04-29 01:32:34.855315"], ["updated_at", "2020-04-29 01:32:34.855315"]]
  [1m[35m (2.2ms)[0m  [1m[35mCOMMIT[0m
  [1m[35m (0.2ms)[0m  [1m[35mBEGIN[0m
  [1m[36mNotice Create (0.3ms)[0m  [1m[32mINSERT INTO "notices" ("title", "author", "phone", "created_at", "updated_at") VALUES ($1, $2, $3, $4, $5) RETURNING "id"[0m  [["title", "Windom Earle's mind is like a diamond. It's cold, and hard, and brilliant."], ["author", "Jyn Erso"], ["phone", "1-802-889-8589"], ["created_at", "2020-04-29 01:32:34.861596"], ["updated_at", "2020-04-29 01:32:34.861596"]]
  [1m[35m (1.9ms)[0m  [1m[35mCOMMIT[0m
  [1m[35m (0.1ms)[0m  [1m[35mBEGIN[0m
  [1m[36mNotice Create (0.3ms)[0m  [1m[32mINSERT INTO "notices" ("title", "author", "phone", "created_at", "updated_at") VALUES ($1, $2, $3, $4, $5) RETURNING "id"[0m  [["title", "Will this sadness that makes me cry my heart out — will it ever end? The answer, of course, is yes. One day the sadness will end."], ["author", "Darth Sidious"], ["phone", "961-364-4536"], ["created_at", "2020-04-29 01:32:34.866973"], ["updated_at", "2020-04-29 01:32:34.866973"]]
  [1m[35m (2.1ms)[0m  [1m[35mCOMMIT[0m
Started GET "/" for ::1 at 2020-04-28 20:32:44 -0500
  [1m[35m (0.6ms)[0m  [1m[34mSELECT "schema_migrations"."version" FROM "schema_migrations" ORDER BY "schema_migrations"."version" ASC[0m
Processing by Rails::WelcomeController#index as HTML
  Rendering /home/chris/.rbenv/versions/2.5.5/lib/ruby/gems/2.5.0/gems/railties-6.0.2.2/lib/rails/templates/rails/welcome/index.html.erb
  Rendered /home/chris/.rbenv/versions/2.5.5/lib/ruby/gems/2.5.0/gems/railties-6.0.2.2/lib/rails/templates/rails/welcome/index.html.erb (Duration: 41.6ms | Allocations: 459)
Completed 200 OK in 95ms (Views: 69.5ms | ActiveRecord: 0.0ms | Allocations: 2463)


Started GET "/favicon.ico" for ::1 at 2020-04-28 20:32:44 -0500
  
ActionController::RoutingError (No route matches [GET] "/favicon.ico"):
  
actionpack (6.0.2.2) lib/action_dispatch/middleware/debug_exceptions.rb:36:in `call'
actionpack (6.0.2.2) lib/action_dispatch/middleware/show_exceptions.rb:33:in `call'
railties (6.0.2.2) lib/rails/rack/logger.rb:38:in `call_app'
railties (6.0.2.2) lib/rails/rack/logger.rb:26:in `block in call'
activesupport (6.0.2.2) lib/active_support/tagged_logging.rb:80:in `block in tagged'
activesupport (6.0.2.2) lib/active_support/tagged_logging.rb:28:in `tagged'
activesupport (6.0.2.2) lib/active_support/tagged_logging.rb:80:in `tagged'
railties (6.0.2.2) lib/rails/rack/logger.rb:26:in `call'
actionpack (6.0.2.2) lib/action_dispatch/middleware/remote_ip.rb:81:in `call'
actionpack (6.0.2.2) lib/action_dispatch/middleware/request_id.rb:27:in `call'
rack (2.2.2) lib/rack/runtime.rb:22:in `call'
activesupport (6.0.2.2) lib/active_support/cache/strategy/local_cache_middleware.rb:29:in `call'
actionpack (6.0.2.2) lib/action_dispatch/middleware/executor.rb:14:in `call'
actionpack (6.0.2.2) lib/action_dispatch/middleware/static.rb:126:in `call'
rack (2.2.2) lib/rack/sendfile.rb:110:in `call'
actionpack (6.0.2.2) lib/action_dispatch/middleware/host_authorization.rb:83:in `call'
railties (6.0.2.2) lib/rails/engine.rb:526:in `call'
puma (4.3.3) lib/puma/configuration.rb:228:in `call'
puma (4.3.3) lib/puma/server.rb:682:in `handle_request'
puma (4.3.3) lib/puma/server.rb:472:in `process_client'
puma (4.3.3) lib/puma/server.rb:328:in `block in run'
puma (4.3.3) lib/puma/thread_pool.rb:134:in `block in spawn_thread'
Started GET "/notices" for ::1 at 2020-04-28 20:33:00 -0500
Processing by NoticesController#index as HTML
  [1m[36mNotice Load (1.2ms)[0m  [1m[34mSELECT "notices".* FROM "notices"[0m
  ↳ app/controllers/notices_controller.rb:8:in `index'
Completed 200 OK in 30ms (Views: 22.2ms | ActiveRecord: 5.8ms | Allocations: 20255)


Started GET "/" for ::1 at 2020-04-28 20:37:06 -0500
Processing by Rails::WelcomeController#index as HTML
  Rendering /home/chris/.rbenv/versions/2.5.5/lib/ruby/gems/2.5.0/gems/railties-6.0.2.2/lib/rails/templates/rails/welcome/index.html.erb
  Rendered /home/chris/.rbenv/versions/2.5.5/lib/ruby/gems/2.5.0/gems/railties-6.0.2.2/lib/rails/templates/rails/welcome/index.html.erb (Duration: 10.4ms | Allocations: 195)
Completed 200 OK in 15ms (Views: 11.6ms | ActiveRecord: 0.0ms | Allocations: 754)


Started GET "/notices" for ::1 at 2020-04-28 20:56:44 -0500
Processing by NoticesController#index as */*
  [1m[36mNotice Load (20.6ms)[0m  [1m[34mSELECT "notices".* FROM "notices"[0m
  ↳ app/controllers/notices_controller.rb:8:in `index'
Completed 200 OK in 97ms (Views: 75.5ms | ActiveRecord: 20.6ms | Allocations: 15500)


Started GET "/notices" for ::1 at 2020-04-29 18:47:37 -0500
  [1m[35m (19.6ms)[0m  [1m[34mSELECT "schema_migrations"."version" FROM "schema_migrations" ORDER BY "schema_migrations"."version" ASC[0m
Processing by NoticesController#index as */*
  [1m[36mNotice Load (14.6ms)[0m  [1m[34mSELECT "notices".* FROM "notices"[0m
  ↳ app/controllers/notices_controller.rb:8:in `index'
Completed 200 OK in 91ms (Views: 25.9ms | ActiveRecord: 46.2ms | Allocations: 20182)


Started GET "/notices" for ::1 at 2020-04-29 18:48:18 -0500
  [1m[35m (0.6ms)[0m  [1m[34mSELECT "schema_migrations"."version" FROM "schema_migrations" ORDER BY "schema_migrations"."version" ASC[0m
Processing by NoticesController#index as */*
  [1m[36mNotice Load (0.8ms)[0m  [1m[34mSELECT "notices".* FROM "notices"[0m
  ↳ app/controllers/notices_controller.rb:8:in `index'
Completed 200 OK in 35ms (Views: 23.8ms | ActiveRecord: 9.4ms | Allocations: 20182)


Started GET "/notices" for 127.0.0.1 at 2020-04-29 18:55:51 -0500
  [1m[35m (1.1ms)[0m  [1m[34mSELECT "schema_migrations"."version" FROM "schema_migrations" ORDER BY "schema_migrations"."version" ASC[0m
Processing by NoticesController#index as */*
  [1m[36mNotice Load (1.4ms)[0m  [1m[34mSELECT "notices".* FROM "notices"[0m
  ↳ app/controllers/notices_controller.rb:8:in `index'
Completed 200 OK in 38ms (Views: 25.2ms | ActiveRecord: 9.4ms | Allocations: 20182)


Started GET "/notices" for 127.0.0.1 at 2020-04-29 18:56:05 -0500
Processing by NoticesController#index as */*
  [1m[36mNotice Load (0.4ms)[0m  [1m[34mSELECT "notices".* FROM "notices"[0m
  ↳ app/controllers/notices_controller.rb:8:in `index'
Completed 200 OK in 19ms (Views: 18.6ms | ActiveRecord: 0.4ms | Allocations: 15432)


Started GET "/notices" for 127.0.0.1 at 2020-04-29 18:56:49 -0500
Processing by NoticesController#index as */*
  [1m[36mNotice Load (0.4ms)[0m  [1m[34mSELECT "notices".* FROM "notices"[0m
  ↳ app/controllers/notices_controller.rb:8:in `index'
Completed 200 OK in 37ms (Views: 36.8ms | ActiveRecord: 0.4ms | Allocations: 15431)


Started GET "/notices" for 127.0.0.1 at 2020-04-29 18:56:51 -0500
Processing by NoticesController#index as */*
  [1m[36mNotice Load (0.3ms)[0m  [1m[34mSELECT "notices".* FROM "notices"[0m
  ↳ app/controllers/notices_controller.rb:8:in `index'
Completed 200 OK in 25ms (Views: 24.6ms | ActiveRecord: 0.3ms | Allocations: 15431)


Started GET "/notices" for 127.0.0.1 at 2020-04-29 18:58:23 -0500
Processing by NoticesController#index as */*
  [1m[36mNotice Load (0.3ms)[0m  [1m[34mSELECT "notices".* FROM "notices"[0m
  ↳ app/controllers/notices_controller.rb:8:in `index'
Completed 200 OK in 64ms (Views: 63.3ms | ActiveRecord: 0.3ms | Allocations: 15417)


Started GET "/notices" for 127.0.0.1 at 2020-04-29 18:58:25 -0500
Processing by NoticesController#index as */*
  [1m[36mNotice Load (0.4ms)[0m  [1m[34mSELECT "notices".* FROM "notices"[0m
  ↳ app/controllers/notices_controller.rb:8:in `index'
Completed 200 OK in 20ms (Views: 19.7ms | ActiveRecord: 0.4ms | Allocations: 15415)


Started GET "/notices" for 127.0.0.1 at 2020-04-29 18:58:27 -0500
Processing by NoticesController#index as */*
  [1m[36mNotice Load (0.8ms)[0m  [1m[34mSELECT "notices".* FROM "notices"[0m
  ↳ app/controllers/notices_controller.rb:8:in `index'
Completed 200 OK in 76ms (Views: 75.0ms | ActiveRecord: 0.8ms | Allocations: 15414)


Started GET "/notices" for 127.0.0.1 at 2020-04-29 19:02:55 -0500
Processing by NoticesController#index as */*
  [1m[36mNotice Load (1.4ms)[0m  [1m[34mSELECT "notices".* FROM "notices"[0m
  ↳ app/controllers/notices_controller.rb:8:in `index'
Completed 200 OK in 38ms (Views: 36.1ms | ActiveRecord: 1.4ms | Allocations: 15417)


Started GET "/notices" for 127.0.0.1 at 2020-04-29 19:05:29 -0500
Processing by NoticesController#index as */*
  [1m[36mNotice Load (0.6ms)[0m  [1m[34mSELECT "notices".* FROM "notices"[0m
  ↳ app/controllers/notices_controller.rb:8:in `index'
Completed 200 OK in 17ms (Views: 15.9ms | ActiveRecord: 0.6ms | Allocations: 15432)


Started GET "/notices" for 127.0.0.1 at 2020-04-29 19:06:14 -0500
Processing by NoticesController#index as */*
  [1m[36mNotice Load (0.4ms)[0m  [1m[34mSELECT "notices".* FROM "notices"[0m
  ↳ app/controllers/notices_controller.rb:8:in `index'
Completed 200 OK in 29ms (Views: 28.4ms | ActiveRecord: 0.4ms | Allocations: 15414)


Started GET "/notices" for 127.0.0.1 at 2020-04-29 19:10:26 -0500
Processing by NoticesController#index as */*
  [1m[36mNotice Load (0.8ms)[0m  [1m[34mSELECT "notices".* FROM "notices"[0m
  ↳ app/controllers/notices_controller.rb:8:in `index'
Completed 200 OK in 35ms (Views: 33.9ms | ActiveRecord: 0.8ms | Allocations: 15416)


Started GET "/notices" for 127.0.0.1 at 2020-04-29 19:12:44 -0500
Processing by NoticesController#index as */*
  [1m[36mNotice Load (0.4ms)[0m  [1m[34mSELECT "notices".* FROM "notices"[0m
  ↳ app/controllers/notices_controller.rb:8:in `index'
Completed 200 OK in 18ms (Views: 16.9ms | ActiveRecord: 0.4ms | Allocations: 15415)


Started GET "/notices" for 127.0.0.1 at 2020-04-29 19:12:52 -0500
Processing by NoticesController#index as */*
  [1m[36mNotice Load (0.5ms)[0m  [1m[34mSELECT "notices".* FROM "notices"[0m
  ↳ app/controllers/notices_controller.rb:8:in `index'
Completed 200 OK in 17ms (Views: 16.1ms | ActiveRecord: 0.5ms | Allocations: 15414)


Started GET "/notices" for 127.0.0.1 at 2020-04-29 19:13:01 -0500
Processing by NoticesController#index as */*
  [1m[36mNotice Load (0.8ms)[0m  [1m[34mSELECT "notices".* FROM "notices"[0m
  ↳ app/controllers/notices_controller.rb:8:in `index'
Completed 200 OK in 15ms (Views: 13.9ms | ActiveRecord: 0.8ms | Allocations: 15414)


Started GET "/notices" for 127.0.0.1 at 2020-04-29 19:15:55 -0500
Processing by NoticesController#index as */*
  [1m[36mNotice Load (0.4ms)[0m  [1m[34mSELECT "notices".* FROM "notices"[0m
  ↳ app/controllers/notices_controller.rb:8:in `index'
Completed 200 OK in 12ms (Views: 11.2ms | ActiveRecord: 0.4ms | Allocations: 15415)


Started POST "/notices" for 127.0.0.1 at 2020-04-29 19:16:50 -0500
Processing by NoticesController#create as HTML
  Parameters: {"title"=>"Luke. Who Has The Trident", "author"=>"Jaden Smith", "phone"=>"(123)456-7891", "notice"=>{"title"=>"Luke. Who Has The Trident", "author"=>"Jaden Smith", "phone"=>"(123)456-7891"}}
  [1m[35m (0.2ms)[0m  [1m[35mBEGIN[0m
  ↳ app/controllers/notices_controller.rb:20:in `create'
  [1m[36mNotice Create (15.7ms)[0m  [1m[32mINSERT INTO "notices" ("title", "author", "phone", "created_at", "updated_at") VALUES ($1, $2, $3, $4, $5) RETURNING "id"[0m  [["title", "Luke. Who Has The Trident"], ["author", "Jaden Smith"], ["phone", "(123)456-7891"], ["created_at", "2020-04-30 00:16:50.723449"], ["updated_at", "2020-04-30 00:16:50.723449"]]
  ↳ app/controllers/notices_controller.rb:20:in `create'
  [1m[35m (13.9ms)[0m  [1m[35mCOMMIT[0m
  ↳ app/controllers/notices_controller.rb:20:in `create'
Completed 201 Created in 34ms (Views: 0.7ms | ActiveRecord: 29.8ms | Allocations: 2717)


Started GET "/notices" for ::1 at 2020-04-29 19:19:00 -0500
Processing by NoticesController#index as */*
  [1m[36mNotice Load (0.4ms)[0m  [1m[34mSELECT "notices".* FROM "notices"[0m
  ↳ app/controllers/notices_controller.rb:8:in `index'
Completed 200 OK in 24ms (Views: 23.6ms | ActiveRecord: 0.4ms | Allocations: 15560)


Started GET "/notices" for ::1 at 2020-04-29 19:19:03 -0500
Processing by NoticesController#index as */*
  [1m[36mNotice Load (0.4ms)[0m  [1m[34mSELECT "notices".* FROM "notices"[0m
  ↳ app/controllers/notices_controller.rb:8:in `index'
Completed 200 OK in 17ms (Views: 16.9ms | ActiveRecord: 0.4ms | Allocations: 15560)


Started POST "/notices" for 127.0.0.1 at 2020-04-29 19:21:13 -0500
Processing by NoticesController#create as HTML
  Parameters: {"title"=>"There Is No Nutrients In Our Food Anymore Or In Our Soil OR IN OUR WATER", "author"=>"Jaden Smith", "phone"=>"(123)456-7890", "notice"=>{"title"=>"There Is No Nutrients In Our Food Anymore Or In Our Soil OR IN OUR WATER", "author"=>"Jaden Smith", "phone"=>"(123)456-7890"}}
  [1m[35m (1.4ms)[0m  [1m[35mBEGIN[0m
  ↳ app/controllers/notices_controller.rb:20:in `create'
  [1m[36mNotice Create (1.0ms)[0m  [1m[32mINSERT INTO "notices" ("title", "author", "phone", "created_at", "updated_at") VALUES ($1, $2, $3, $4, $5) RETURNING "id"[0m  [["title", "There Is No Nutrients In Our Food Anymore Or In Our Soil OR IN OUR WATER"], ["author", "Jaden Smith"], ["phone", "(123)456-7890"], ["created_at", "2020-04-30 00:21:13.474949"], ["updated_at", "2020-04-30 00:21:13.474949"]]
  ↳ app/controllers/notices_controller.rb:20:in `create'
  [1m[35m (4.4ms)[0m  [1m[35mCOMMIT[0m
  ↳ app/controllers/notices_controller.rb:20:in `create'
Completed 201 Created in 19ms (Views: 2.1ms | ActiveRecord: 6.8ms | Allocations: 2492)


Started GET "/notices" for ::1 at 2020-04-29 19:22:06 -0500
Processing by NoticesController#index as */*
  [1m[36mNotice Load (0.8ms)[0m  [1m[34mSELECT "notices".* FROM "notices"[0m
  ↳ app/controllers/notices_controller.rb:8:in `index'
Completed 200 OK in 36ms (Views: 33.9ms | ActiveRecord: 0.8ms | Allocations: 15706)


Started GET "/notices" for ::1 at 2020-04-29 19:22:07 -0500
Processing by NoticesController#index as */*
  [1m[36mNotice Load (0.4ms)[0m  [1m[34mSELECT "notices".* FROM "notices"[0m
  ↳ app/controllers/notices_controller.rb:8:in `index'
Completed 200 OK in 25ms (Views: 24.6ms | ActiveRecord: 0.4ms | Allocations: 15708)


Started GET "/notices" for ::1 at 2020-04-29 19:22:14 -0500
Processing by NoticesController#index as */*
  [1m[36mNotice Load (0.6ms)[0m  [1m[34mSELECT "notices".* FROM "notices"[0m
  ↳ app/controllers/notices_controller.rb:8:in `index'
Completed 200 OK in 24ms (Views: 23.1ms | ActiveRecord: 0.6ms | Allocations: 15706)


Started GET "/notices" for ::1 at 2020-04-29 19:51:14 -0500
Processing by NoticesController#index as */*
  [1m[36mNotice Load (25.1ms)[0m  [1m[34mSELECT "notices".* FROM "notices"[0m
  ↳ app/controllers/notices_controller.rb:8:in `index'
Completed 200 OK in 44ms (Views: 18.4ms | ActiveRecord: 25.1ms | Allocations: 15781)


Started GET "/notices" for ::1 at 2020-04-29 19:51:32 -0500
Processing by NoticesController#index as */*
  [1m[36mNotice Load (0.5ms)[0m  [1m[34mSELECT "notices".* FROM "notices"[0m
  ↳ app/controllers/notices_controller.rb:8:in `index'
Completed 200 OK in 31ms (Views: 30.5ms | ActiveRecord: 0.5ms | Allocations: 15706)


Started GET "/notices" for ::1 at 2020-04-29 19:51:35 -0500
Processing by NoticesController#index as */*
  [1m[36mNotice Load (0.6ms)[0m  [1m[34mSELECT "notices".* FROM "notices"[0m
  ↳ app/controllers/notices_controller.rb:8:in `index'
Completed 200 OK in 21ms (Views: 20.0ms | ActiveRecord: 0.6ms | Allocations: 15706)


Started GET "/notices" for ::1 at 2020-04-29 19:51:36 -0500
Processing by NoticesController#index as */*
  [1m[36mNotice Load (0.4ms)[0m  [1m[34mSELECT "notices".* FROM "notices"[0m
  ↳ app/controllers/notices_controller.rb:8:in `index'
Completed 200 OK in 20ms (Views: 19.4ms | ActiveRecord: 0.4ms | Allocations: 15707)


Started GET "/notices" for ::1 at 2020-04-29 19:54:59 -0500
Processing by NoticesController#index as */*
  [1m[36mNotice Load (0.4ms)[0m  [1m[34mSELECT "notices".* FROM "notices"[0m
  ↳ app/controllers/notices_controller.rb:8:in `index'
Completed 200 OK in 13ms (Views: 11.8ms | ActiveRecord: 0.4ms | Allocations: 15707)


Started GET "/notices" for ::1 at 2020-04-29 19:55:12 -0500
Processing by NoticesController#index as */*
  [1m[36mNotice Load (0.4ms)[0m  [1m[34mSELECT "notices".* FROM "notices"[0m
  ↳ app/controllers/notices_controller.rb:8:in `index'
Completed 200 OK in 18ms (Views: 17.1ms | ActiveRecord: 0.4ms | Allocations: 15707)


Started GET "/notices" for ::1 at 2020-04-29 19:55:15 -0500
Processing by NoticesController#index as */*
  [1m[36mNotice Load (0.6ms)[0m  [1m[34mSELECT "notices".* FROM "notices"[0m
  ↳ app/controllers/notices_controller.rb:8:in `index'
Completed 200 OK in 28ms (Views: 27.3ms | ActiveRecord: 0.6ms | Allocations: 15709)


Started GET "/notices" for ::1 at 2020-04-29 19:55:35 -0500
Processing by NoticesController#index as */*
  [1m[36mNotice Load (0.4ms)[0m  [1m[34mSELECT "notices".* FROM "notices"[0m
  ↳ app/controllers/notices_controller.rb:8:in `index'
Completed 200 OK in 17ms (Views: 16.8ms | ActiveRecord: 0.4ms | Allocations: 15706)


Started GET "/notices" for ::1 at 2020-04-29 19:55:59 -0500
Processing by NoticesController#index as */*
  [1m[36mNotice Load (1.2ms)[0m  [1m[34mSELECT "notices".* FROM "notices"[0m
  ↳ app/controllers/notices_controller.rb:8:in `index'
Completed 200 OK in 37ms (Views: 35.0ms | ActiveRecord: 1.2ms | Allocations: 15706)


Started GET "/notices" for ::1 at 2020-04-29 19:56:06 -0500
Processing by NoticesController#index as */*
  [1m[36mNotice Load (0.5ms)[0m  [1m[34mSELECT "notices".* FROM "notices"[0m
  ↳ app/controllers/notices_controller.rb:8:in `index'
Completed 200 OK in 15ms (Views: 13.6ms | ActiveRecord: 0.5ms | Allocations: 15706)


Started GET "/notices" for ::1 at 2020-04-29 19:57:07 -0500
Processing by NoticesController#index as */*
  [1m[36mNotice Load (0.5ms)[0m  [1m[34mSELECT "notices".* FROM "notices"[0m
  ↳ app/controllers/notices_controller.rb:8:in `index'
Completed 200 OK in 15ms (Views: 14.0ms | ActiveRecord: 0.5ms | Allocations: 15706)


Started DELETE "/notices/1" for 127.0.0.1 at 2020-04-29 20:11:50 -0500
Processing by NoticesController#destroy as HTML
  Parameters: {"id"=>"1", "notice"=>{}}
  [1m[36mNotice Load (0.7ms)[0m  [1m[34mSELECT "notices".* FROM "notices" WHERE "notices"."id" = $1 LIMIT $2[0m  [["id", 1], ["LIMIT", 1]]
  ↳ app/controllers/notices_controller.rb:44:in `set_notice'
  [1m[35m (0.2ms)[0m  [1m[35mBEGIN[0m
  ↳ app/controllers/notices_controller.rb:38:in `destroy'
  [1m[36mNotice Destroy (1.8ms)[0m  [1m[31mDELETE FROM "notices" WHERE "notices"."id" = $1[0m  [["id", 1]]
  ↳ app/controllers/notices_controller.rb:38:in `destroy'
  [1m[35m (8.6ms)[0m  [1m[35mCOMMIT[0m
  ↳ app/controllers/notices_controller.rb:38:in `destroy'
Completed 204 No Content in 34ms (ActiveRecord: 11.5ms | Allocations: 5422)


Started GET "/notices" for ::1 at 2020-04-29 20:23:48 -0500
Processing by NoticesController#index as */*
  [1m[36mNotice Load (11.5ms)[0m  [1m[34mSELECT "notices".* FROM "notices"[0m
  ↳ app/controllers/notices_controller.rb:8:in `index'
Completed 200 OK in 36ms (Views: 23.6ms | ActiveRecord: 11.5ms | Allocations: 15636)


Started GET "/notices" for ::1 at 2020-04-29 20:50:40 -0500
Processing by NoticesController#index as */*
  [1m[36mNotice Load (7.6ms)[0m  [1m[34mSELECT "notices".* FROM "notices"[0m
  ↳ app/controllers/notices_controller.rb:8:in `index'
Completed 200 OK in 30ms (Views: 22.5ms | ActiveRecord: 7.6ms | Allocations: 15638)


Started GET "/notices" for ::1 at 2020-04-29 20:56:19 -0500
Processing by NoticesController#index as */*
  [1m[36mNotice Load (1.9ms)[0m  [1m[34mSELECT "notices".* FROM "notices"[0m
  ↳ app/controllers/notices_controller.rb:8:in `index'
Completed 200 OK in 23ms (Views: 19.9ms | ActiveRecord: 1.9ms | Allocations: 15635)


Started GET "/notices" for ::1 at 2020-04-29 20:56:33 -0500
Processing by NoticesController#index as */*
  [1m[36mNotice Load (0.5ms)[0m  [1m[34mSELECT "notices".* FROM "notices"[0m
  ↳ app/controllers/notices_controller.rb:8:in `index'
Completed 200 OK in 15ms (Views: 14.2ms | ActiveRecord: 0.5ms | Allocations: 15560)


Started GET "/notices" for ::1 at 2020-04-29 20:56:43 -0500
Processing by NoticesController#index as */*
  [1m[36mNotice Load (0.6ms)[0m  [1m[34mSELECT "notices".* FROM "notices"[0m
  ↳ app/controllers/notices_controller.rb:8:in `index'
Completed 200 OK in 15ms (Views: 13.5ms | ActiveRecord: 0.6ms | Allocations: 15560)


Started GET "/" for ::1 at 2020-04-29 20:57:34 -0500
Processing by Rails::WelcomeController#index as HTML
  Rendering /home/chris/.rbenv/versions/2.5.5/lib/ruby/gems/2.5.0/gems/railties-6.0.2.2/lib/rails/templates/rails/welcome/index.html.erb
  Rendered /home/chris/.rbenv/versions/2.5.5/lib/ruby/gems/2.5.0/gems/railties-6.0.2.2/lib/rails/templates/rails/welcome/index.html.erb (Duration: 36.0ms | Allocations: 459)
Completed 200 OK in 88ms (Views: 60.8ms | ActiveRecord: 0.0ms | Allocations: 2457)


Started GET "/favicon.ico" for ::1 at 2020-04-29 20:57:34 -0500
  
ActionController::RoutingError (No route matches [GET] "/favicon.ico"):
  
actionpack (6.0.2.2) lib/action_dispatch/middleware/debug_exceptions.rb:36:in `call'
actionpack (6.0.2.2) lib/action_dispatch/middleware/show_exceptions.rb:33:in `call'
railties (6.0.2.2) lib/rails/rack/logger.rb:38:in `call_app'
railties (6.0.2.2) lib/rails/rack/logger.rb:26:in `block in call'
activesupport (6.0.2.2) lib/active_support/tagged_logging.rb:80:in `block in tagged'
activesupport (6.0.2.2) lib/active_support/tagged_logging.rb:28:in `tagged'
activesupport (6.0.2.2) lib/active_support/tagged_logging.rb:80:in `tagged'
railties (6.0.2.2) lib/rails/rack/logger.rb:26:in `call'
actionpack (6.0.2.2) lib/action_dispatch/middleware/remote_ip.rb:81:in `call'
actionpack (6.0.2.2) lib/action_dispatch/middleware/request_id.rb:27:in `call'
rack (2.2.2) lib/rack/runtime.rb:22:in `call'
activesupport (6.0.2.2) lib/active_support/cache/strategy/local_cache_middleware.rb:29:in `call'
actionpack (6.0.2.2) lib/action_dispatch/middleware/executor.rb:14:in `call'
actionpack (6.0.2.2) lib/action_dispatch/middleware/static.rb:126:in `call'
rack (2.2.2) lib/rack/sendfile.rb:110:in `call'
actionpack (6.0.2.2) lib/action_dispatch/middleware/host_authorization.rb:83:in `call'
rack-cors (1.1.1) lib/rack/cors.rb:100:in `call'
railties (6.0.2.2) lib/rails/engine.rb:526:in `call'
puma (4.3.3) lib/puma/configuration.rb:228:in `call'
puma (4.3.3) lib/puma/server.rb:682:in `handle_request'
puma (4.3.3) lib/puma/server.rb:472:in `process_client'
puma (4.3.3) lib/puma/server.rb:328:in `block in run'
puma (4.3.3) lib/puma/thread_pool.rb:134:in `block in spawn_thread'
Started GET "/notices" for ::1 at 2020-04-29 20:57:37 -0500
Processing by NoticesController#index as HTML
  [1m[36mNotice Load (0.6ms)[0m  [1m[34mSELECT "notices".* FROM "notices"[0m
  ↳ app/controllers/notices_controller.rb:8:in `index'
Completed 200 OK in 15ms (Views: 14.1ms | ActiveRecord: 0.6ms | Allocations: 15593)


Started GET "/notice" for ::1 at 2020-04-29 20:57:40 -0500
  
ActionController::RoutingError (No route matches [GET] "/notice"):
  
actionpack (6.0.2.2) lib/action_dispatch/middleware/debug_exceptions.rb:36:in `call'
actionpack (6.0.2.2) lib/action_dispatch/middleware/show_exceptions.rb:33:in `call'
railties (6.0.2.2) lib/rails/rack/logger.rb:38:in `call_app'
railties (6.0.2.2) lib/rails/rack/logger.rb:26:in `block in call'
activesupport (6.0.2.2) lib/active_support/tagged_logging.rb:80:in `block in tagged'
activesupport (6.0.2.2) lib/active_support/tagged_logging.rb:28:in `tagged'
activesupport (6.0.2.2) lib/active_support/tagged_logging.rb:80:in `tagged'
railties (6.0.2.2) lib/rails/rack/logger.rb:26:in `call'
actionpack (6.0.2.2) lib/action_dispatch/middleware/remote_ip.rb:81:in `call'
actionpack (6.0.2.2) lib/action_dispatch/middleware/request_id.rb:27:in `call'
rack (2.2.2) lib/rack/runtime.rb:22:in `call'
activesupport (6.0.2.2) lib/active_support/cache/strategy/local_cache_middleware.rb:29:in `call'
actionpack (6.0.2.2) lib/action_dispatch/middleware/executor.rb:14:in `call'
actionpack (6.0.2.2) lib/action_dispatch/middleware/static.rb:126:in `call'
rack (2.2.2) lib/rack/sendfile.rb:110:in `call'
actionpack (6.0.2.2) lib/action_dispatch/middleware/host_authorization.rb:83:in `call'
rack-cors (1.1.1) lib/rack/cors.rb:100:in `call'
railties (6.0.2.2) lib/rails/engine.rb:526:in `call'
puma (4.3.3) lib/puma/configuration.rb:228:in `call'
puma (4.3.3) lib/puma/server.rb:682:in `handle_request'
puma (4.3.3) lib/puma/server.rb:472:in `process_client'
puma (4.3.3) lib/puma/server.rb:328:in `block in run'
puma (4.3.3) lib/puma/thread_pool.rb:134:in `block in spawn_thread'
Started GET "/notices" for ::1 at 2020-04-29 20:57:48 -0500
Processing by NoticesController#index as */*
  [1m[36mNotice Load (0.4ms)[0m  [1m[34mSELECT "notices".* FROM "notices"[0m
  ↳ app/controllers/notices_controller.rb:8:in `index'
Completed 200 OK in 34ms (Views: 33.2ms | ActiveRecord: 0.4ms | Allocations: 15560)


Started GET "/" for ::1 at 2020-04-30 12:23:01 -0500
Processing by Rails::WelcomeController#index as HTML
  Rendering /home/chris/.rbenv/versions/2.5.5/lib/ruby/gems/2.5.0/gems/railties-6.0.2.2/lib/rails/templates/rails/welcome/index.html.erb
  Rendered /home/chris/.rbenv/versions/2.5.5/lib/ruby/gems/2.5.0/gems/railties-6.0.2.2/lib/rails/templates/rails/welcome/index.html.erb (Duration: 7.3ms | Allocations: 197)
Completed 200 OK in 9ms (Views: 8.4ms | ActiveRecord: 0.0ms | Allocations: 760)


Started GET "/favicon.ico" for ::1 at 2020-04-30 12:23:02 -0500
  
ActionController::RoutingError (No route matches [GET] "/favicon.ico"):
  
actionpack (6.0.2.2) lib/action_dispatch/middleware/debug_exceptions.rb:36:in `call'
actionpack (6.0.2.2) lib/action_dispatch/middleware/show_exceptions.rb:33:in `call'
railties (6.0.2.2) lib/rails/rack/logger.rb:38:in `call_app'
railties (6.0.2.2) lib/rails/rack/logger.rb:26:in `block in call'
activesupport (6.0.2.2) lib/active_support/tagged_logging.rb:80:in `block in tagged'
activesupport (6.0.2.2) lib/active_support/tagged_logging.rb:28:in `tagged'
activesupport (6.0.2.2) lib/active_support/tagged_logging.rb:80:in `tagged'
railties (6.0.2.2) lib/rails/rack/logger.rb:26:in `call'
actionpack (6.0.2.2) lib/action_dispatch/middleware/remote_ip.rb:81:in `call'
actionpack (6.0.2.2) lib/action_dispatch/middleware/request_id.rb:27:in `call'
rack (2.2.2) lib/rack/runtime.rb:22:in `call'
activesupport (6.0.2.2) lib/active_support/cache/strategy/local_cache_middleware.rb:29:in `call'
actionpack (6.0.2.2) lib/action_dispatch/middleware/executor.rb:14:in `call'
actionpack (6.0.2.2) lib/action_dispatch/middleware/static.rb:126:in `call'
rack (2.2.2) lib/rack/sendfile.rb:110:in `call'
actionpack (6.0.2.2) lib/action_dispatch/middleware/host_authorization.rb:83:in `call'
rack-cors (1.1.1) lib/rack/cors.rb:100:in `call'
railties (6.0.2.2) lib/rails/engine.rb:526:in `call'
puma (4.3.3) lib/puma/configuration.rb:228:in `call'
puma (4.3.3) lib/puma/server.rb:682:in `handle_request'
puma (4.3.3) lib/puma/server.rb:472:in `process_client'
puma (4.3.3) lib/puma/server.rb:328:in `block in run'
puma (4.3.3) lib/puma/thread_pool.rb:134:in `block in spawn_thread'
Started GET "/notices" for ::1 at 2020-04-30 12:23:05 -0500
Processing by NoticesController#index as */*
  [1m[36mNotice Load (0.8ms)[0m  [1m[34mSELECT "notices".* FROM "notices"[0m
  ↳ app/controllers/notices_controller.rb:8:in `index'
Completed 200 OK in 13ms (Views: 11.8ms | ActiveRecord: 0.8ms | Allocations: 15634)


Started GET "/notices" for ::1 at 2020-05-06 18:00:51 -0500
  [1m[35m (13.0ms)[0m  [1m[34mSELECT "schema_migrations"."version" FROM "schema_migrations" ORDER BY "schema_migrations"."version" ASC[0m
Processing by NoticesController#index as */*
  [1m[36mNotice Load (23.9ms)[0m  [1m[34mSELECT "notices".* FROM "notices"[0m
  ↳ app/controllers/notices_controller.rb:8:in `index'
Completed 200 OK in 82ms (Views: 26.1ms | ActiveRecord: 37.3ms | Allocations: 20326)


Started GET "/" for ::1 at 2020-05-06 18:00:58 -0500
Processing by Rails::WelcomeController#index as HTML
  Rendering /home/chris/.rbenv/versions/2.5.5/lib/ruby/gems/2.5.0/gems/railties-6.0.2.2/lib/rails/templates/rails/welcome/index.html.erb
  Rendered /home/chris/.rbenv/versions/2.5.5/lib/ruby/gems/2.5.0/gems/railties-6.0.2.2/lib/rails/templates/rails/welcome/index.html.erb (Duration: 48.5ms | Allocations: 459)
Completed 200 OK in 117ms (Views: 84.8ms | ActiveRecord: 0.0ms | Allocations: 2462)


Started GET "/welcome/index" for ::1 at 2020-05-06 18:02:54 -0500
Processing by WelcomeController#index as HTML
Completed 204 No Content in 0ms (ActiveRecord: 0.0ms | Allocations: 59)


